d:\developments\edabi\decodemodule\decoder\oltp_ab\x64\debug\vc140.pdb
d:\developments\edabi\decodemodule\decoder\oltp_ab\x64\debug\vc140.idb
d:\developments\edabi\decodemodule\decoder\oltp_ab\x64\debug\absignoff.obj
d:\developments\edabi\decodemodule\decoder\oltp_ab\x64\debug\absignon.obj
d:\developments\edabi\decodemodule\decoder\oltp_ab\x64\debug\absmscharge.obj
d:\developments\edabi\decodemodule\decoder\oltp_ab\x64\debug\abstatcharge.obj
d:\developments\edabi\decodemodule\decoder\oltp_ab\x64\debug\absystem.obj
d:\developments\edabi\decodemodule\decoder\oltp_ab\x64\debug\absystemclose.obj
d:\developments\edabi\decodemodule\decoder\oltp_ab\x64\debug\abterminatebet.obj
d:\developments\edabi\decodemodule\decoder\oltp_ab\x64\debug\abtextdb.obj
d:\developments\edabi\decodemodule\decoder\oltp_ab\x64\debug\abtxnenquiry.obj
d:\developments\edabi\decodemodule\decoder\oltp_ab\x64\debug\abwithdraw.obj
d:\developments\edabi\decodemodule\decoder\oltp_ab\x64\debug\deselmap.obj
d:\developments\edabi\decodemodule\decoder\oltp_ab\x64\debug\dllexport.obj
d:\developments\edabi\decodemodule\decoder\oltp_ab\x64\debug\extractmgr.obj
d:\developments\edabi\decodemodule\decoder\oltp_ab\x64\debug\jclogger.obj
d:\developments\edabi\decodemodule\decoder\oltp_ab\x64\debug\jcsystem.obj
d:\developments\edabi\decodemodule\decoder\oltp_ab\x64\debug\msgtranslator.obj
d:\developments\edabi\decodemodule\decoder\oltp_ab\x64\debug\stdafx.obj
d:\developments\edabi\decodemodule\decoder\oltp_ab\x64\debug\storage.obj
d:\developments\edabi\decodemodule\decoder\oltp_ab\x64\debug\tbaccount.obj
d:\developments\edabi\decodemodule\decoder\oltp_ab\x64\debug\textdb.obj
d:\developments\edabi\decodemodule\decoder\oltp_ab\x64\debug\abissuecard.obj
d:\developments\edabi\decodemodule\decoder\oltp_ab\x64\debug\ablogger.obj
d:\developments\edabi\decodemodule\decoder\oltp_ab\x64\debug\ablottery.obj
d:\developments\edabi\decodemodule\decoder\oltp_ab\x64\debug\abmeetingabandon.obj
d:\developments\edabi\decodemodule\decoder\oltp_ab\x64\debug\abmsgtranslator.obj
d:\developments\edabi\decodemodule\decoder\oltp_ab\x64\debug\abpolbg.obj
d:\developments\edabi\decodemodule\decoder\oltp_ab\x64\debug\abpoldrcradj.obj
d:\developments\edabi\decodemodule\decoder\oltp_ab\x64\debug\abpollotterysi.obj
d:\developments\edabi\decodemodule\decoder\oltp_ab\x64\debug\abpolloyalty.obj
d:\developments\edabi\decodemodule\decoder\oltp_ab\x64\debug\abpolwtwsi.obj
d:\developments\edabi\decodemodule\decoder\oltp_ab\x64\debug\abpoolrefund.obj
d:\developments\edabi\decodemodule\decoder\oltp_ab\x64\debug\abpoolstartpay.obj
d:\developments\edabi\decodemodule\decoder\oltp_ab\x64\debug\abrace.obj
d:\developments\edabi\decodemodule\decoder\oltp_ab\x64\debug\abrecall.obj
d:\developments\edabi\decodemodule\decoder\oltp_ab\x64\debug\abreturncard.obj
d:\developments\edabi\decodemodule\decoder\oltp_ab\x64\debug\abrevcandep.obj
d:\developments\edabi\decodemodule\decoder\oltp_ab\x64\debug\abrevdeposit.obj
d:\developments\edabi\decodemodule\decoder\oltp_ab\x64\debug\absbbet.obj
d:\developments\edabi\decodemodule\decoder\oltp_ab\x64\debug\absbcpooldef.obj
d:\developments\edabi\decodemodule\decoder\oltp_ab\x64\debug\absbselbitmap.obj
d:\developments\edabi\decodemodule\decoder\oltp_ab\x64\debug\abcitcancel.obj
d:\developments\edabi\decodemodule\decoder\oltp_ab\x64\debug\abcitissue.obj
d:\developments\edabi\decodemodule\decoder\oltp_ab\x64\debug\abcitreplace.obj
d:\developments\edabi\decodemodule\decoder\oltp_ab\x64\debug\abcscbalance.obj
d:\developments\edabi\decodemodule\decoder\oltp_ab\x64\debug\abcscissue.obj
d:\developments\edabi\decodemodule\decoder\oltp_ab\x64\debug\abcscreplace.obj
d:\developments\edabi\decodemodule\decoder\oltp_ab\x64\debug\abcscreturn.obj
d:\developments\edabi\decodemodule\decoder\oltp_ab\x64\debug\abdeposit.obj
d:\developments\edabi\decodemodule\decoder\oltp_ab\x64\debug\abdrcradjust.obj
d:\developments\edabi\decodemodule\decoder\oltp_ab\x64\debug\abeftaccact.obj
d:\developments\edabi\decodemodule\decoder\oltp_ab\x64\debug\abeftacctbal.obj
d:\developments\edabi\decodemodule\decoder\oltp_ab\x64\debug\abeftcvissue.obj
d:\developments\edabi\decodemodule\decoder\oltp_ab\x64\debug\abeftert.obj
d:\developments\edabi\decodemodule\decoder\oltp_ab\x64\debug\abeftmisc.obj
d:\developments\edabi\decodemodule\decoder\oltp_ab\x64\debug\abeodcanlotsi.obj
d:\developments\edabi\decodemodule\decoder\oltp_ab\x64\debug\abeodcradj.obj
d:\developments\edabi\decodemodule\decoder\oltp_ab\x64\debug\abeoddivfor.obj
d:\developments\edabi\decodemodule\decoder\oltp_ab\x64\debug\abeodlotdiv.obj
d:\developments\edabi\decodemodule\decoder\oltp_ab\x64\debug\abeodracediv.obj
d:\developments\edabi\decodemodule\decoder\oltp_ab\x64\debug\abeodsbdiv.obj
d:\developments\edabi\decodemodule\decoder\oltp_ab\x64\debug\abacctaccess.obj
d:\developments\edabi\decodemodule\decoder\oltp_ab\x64\debug\abacctclose.obj
d:\developments\edabi\decodemodule\decoder\oltp_ab\x64\debug\abacctdetail.obj
d:\developments\edabi\decodemodule\decoder\oltp_ab\x64\debug\abacctdetailnew.obj
d:\developments\edabi\decodemodule\decoder\oltp_ab\x64\debug\abacctopen.obj
d:\developments\edabi\decodemodule\decoder\oltp_ab\x64\debug\abacctopennew.obj
d:\developments\edabi\decodemodule\decoder\oltp_ab\x64\debug\abacctrelease.obj
d:\developments\edabi\decodemodule\decoder\oltp_ab\x64\debug\abbatchdep.obj
d:\developments\edabi\decodemodule\decoder\oltp_ab\x64\debug\abcalltransfer.obj
d:\developments\edabi\decodemodule\decoder\oltp_ab\x64\debug\abcancel.obj
d:\developments\edabi\decodemodule\decoder\oltp_ab\x64\debug\abcardreplace.obj
d:\developments\edabi\decodemodule\decoder\x64\debug\oltp_ab.ilk
d:\developments\edabi\decodemodule\decoder\x64\debug\oltp_ab.dll
d:\developments\edabi\decodemodule\decoder\x64\debug\oltp_ab.pdb
d:\developments\edabi\decodemodule\decoder\x64\debug\oltp_ab.lib
d:\developments\edabi\decodemodule\decoder\x64\debug\oltp_ab.exp
d:\developments\edabi\decodemodule\decoder\oltp_ab\x64\debug\resource.res
d:\demo\decodemodule\decoder\oltp_ab\x64\debug\oltp_ab.tlog\cl.command.1.tlog
d:\demo\decodemodule\decoder\oltp_ab\x64\debug\oltp_ab.tlog\cl.read.1.tlog
d:\demo\decodemodule\decoder\oltp_ab\x64\debug\oltp_ab.tlog\cl.write.1.tlog
d:\demo\decodemodule\decoder\oltp_ab\x64\debug\oltp_ab.tlog\link.command.1.tlog
d:\demo\decodemodule\decoder\oltp_ab\x64\debug\oltp_ab.tlog\link.read.1.tlog
d:\demo\decodemodule\decoder\oltp_ab\x64\debug\oltp_ab.tlog\link.write.1.tlog
d:\demo\decodemodule\decoder\oltp_ab\x64\debug\oltp_ab.tlog\oltp_ab.write.1u.tlog
d:\demo\decodemodule\decoder\oltp_ab\x64\debug\oltp_ab.tlog\rc.command.1.tlog
d:\demo\decodemodule\decoder\oltp_ab\x64\debug\oltp_ab.tlog\rc.read.1.tlog
d:\demo\decodemodule\decoder\oltp_ab\x64\debug\oltp_ab.tlog\rc.write.1.tlog
