  TextDB.cpp
  TBAccount.Cpp
  Storage.cpp
d:\demo\decodemodule\decoder\oltp_ab\storage.cpp(132): warning C4302: 'type cast': truncation from 'char *' to 'char'
d:\demo\decodemodule\decoder\oltp_ab\storage.cpp(134): warning C4302: 'type cast': truncation from 'char *' to 'char'
  StdAfx.cpp
  MsgTranslator.cpp
d:\demo\decodemodule\decoder\oltp_ab\rdsdef.h(69): warning C4103: alignment changed after including header, may be due to missing #pragma pack(pop)
d:\demo\decodemodule\decoder\oltp_ab\logrdcdef.h(69): warning C4103: alignment changed after including header, may be due to missing #pragma pack(pop)
d:\demo\decodemodule\decoder\oltp_ab\logdef.h(31): warning C4103: alignment changed after including header, may be due to missing #pragma pack(pop)
d:\demo\decodemodule\decoder\oltp_ab\logdef.h(32): warning C4103: alignment changed after including header, may be due to missing #pragma pack(pop)
d:\demo\decodemodule\decoder\oltp_ab\msgtranslator.cpp(27): warning C4312: 'type cast': conversion from 'const int' to 'char *' of greater size
  JCSystem.cpp
  JCLogger.cpp
d:\demo\decodemodule\decoder\oltp_ab\rdsdef.h(69): warning C4103: alignment changed after including header, may be due to missing #pragma pack(pop)
d:\demo\decodemodule\decoder\oltp_ab\logrdcdef.h(69): warning C4103: alignment changed after including header, may be due to missing #pragma pack(pop)
d:\demo\decodemodule\decoder\oltp_ab\logdef.h(31): warning C4103: alignment changed after including header, may be due to missing #pragma pack(pop)
d:\demo\decodemodule\decoder\oltp_ab\logdef.h(32): warning C4103: alignment changed after including header, may be due to missing #pragma pack(pop)
d:\demo\decodemodule\decoder\oltp_ab\logdef_ab.h(71): warning C4103: alignment changed after including header, may be due to missing #pragma pack(pop)
d:\demo\decodemodule\decoder\oltp_ab\logdef_ab.h(72): warning C4103: alignment changed after including header, may be due to missing #pragma pack(pop)
  ExtractMgr.cpp
d:\demo\decodemodule\decoder\oltp_ab\rdsdef.h(69): warning C4103: alignment changed after including header, may be due to missing #pragma pack(pop)
d:\demo\decodemodule\decoder\oltp_ab\logrdcdef.h(69): warning C4103: alignment changed after including header, may be due to missing #pragma pack(pop)
d:\demo\decodemodule\decoder\oltp_ab\logdef_ab.h(66): warning C4103: alignment changed after including header, may be due to missing #pragma pack(pop)
d:\demo\decodemodule\decoder\oltp_ab\logdef_ab.h(68): warning C4103: alignment changed after including header, may be due to missing #pragma pack(pop)
d:\demo\decodemodule\decoder\oltp_ab\logdef_ab.h(71): warning C4103: alignment changed after including header, may be due to missing #pragma pack(pop)
d:\demo\decodemodule\decoder\oltp_ab\logdef_ab.h(72): warning C4103: alignment changed after including header, may be due to missing #pragma pack(pop)
d:\demo\decodemodule\decoder\oltp_ab\extractmgr.cpp(22): warning C4067: unexpected tokens following preprocessor directive - expected a newline
d:\demo\decodemodule\decoder\oltp_ab\extractmgr.cpp(347): warning C4267: 'initializing': conversion from 'size_t' to 'int', possible loss of data
d:\demo\decodemodule\decoder\oltp_ab\extractmgr.cpp(447): warning C4267: '=': conversion from 'size_t' to 'int', possible loss of data
d:\demo\decodemodule\decoder\oltp_ab\extractmgr.cpp(236): warning C4477: 'sprintf' : format string '%d' requires an argument of type 'int', but variadic argument 4 has type 'std::size_t'
  d:\demo\decodemodule\decoder\oltp_ab\extractmgr.cpp(236): note: consider using '%zd' in the format string
d:\demo\decodemodule\decoder\oltp_ab\extractmgr.cpp(236): warning C4477: 'sprintf' : format string '%d' requires an argument of type 'int', but variadic argument 5 has type 'std::size_t'
  d:\demo\decodemodule\decoder\oltp_ab\extractmgr.cpp(236): note: consider using '%zd' in the format string
d:\demo\decodemodule\decoder\oltp_ab\extractmgr.cpp(637): warning C4290: C++ exception specification ignored except to indicate a function is not __declspec(nothrow)
d:\demo\decodemodule\decoder\oltp_ab\extractmgr.cpp(695): warning C4267: 'initializing': conversion from 'size_t' to 'int', possible loss of data
d:\demo\decodemodule\decoder\oltp_ab\extractmgr.cpp(740): warning C4267: 'initializing': conversion from 'size_t' to 'int', possible loss of data
  DllExport.cpp
d:\demo\decodemodule\decoder\oltp_ab\rdsdef.h(69): warning C4103: alignment changed after including header, may be due to missing #pragma pack(pop)
d:\demo\decodemodule\decoder\oltp_ab\logrdcdef.h(69): warning C4103: alignment changed after including header, may be due to missing #pragma pack(pop)
d:\demo\decodemodule\decoder\oltp_ab\logdef_ab.h(66): warning C4103: alignment changed after including header, may be due to missing #pragma pack(pop)
d:\demo\decodemodule\decoder\oltp_ab\logdef_ab.h(68): warning C4103: alignment changed after including header, may be due to missing #pragma pack(pop)
d:\demo\decodemodule\decoder\oltp_ab\logdef_ab.h(71): warning C4103: alignment changed after including header, may be due to missing #pragma pack(pop)
d:\demo\decodemodule\decoder\oltp_ab\logdef_ab.h(72): warning C4103: alignment changed after including header, may be due to missing #pragma pack(pop)
  DeSelMap.cpp
d:\demo\decodemodule\decoder\oltp_ab\rdsdef.h(69): warning C4103: alignment changed after including header, may be due to missing #pragma pack(pop)
d:\demo\decodemodule\decoder\oltp_ab\deselmap.h(15): warning C4103: alignment changed after including header, may be due to missing #pragma pack(pop)
d:\demo\decodemodule\decoder\oltp_ab\aadef.h(202): warning C4103: alignment changed after including header, may be due to missing #pragma pack(pop)
d:\demo\decodemodule\decoder\oltp_ab\logdef_ab.h(63): warning C4103: alignment changed after including header, may be due to missing #pragma pack(pop)
d:\demo\decodemodule\decoder\oltp_ab\logrdcdef.h(70): warning C4103: alignment changed after including header, may be due to missing #pragma pack(pop)
d:\demo\decodemodule\decoder\oltp_ab\logdef_ab.h(66): warning C4103: alignment changed after including header, may be due to missing #pragma pack(pop)
d:\demo\decodemodule\decoder\oltp_ab\logdef_ab.h(68): warning C4103: alignment changed after including header, may be due to missing #pragma pack(pop)
d:\demo\decodemodule\decoder\oltp_ab\logdef_ab.h(71): warning C4103: alignment changed after including header, may be due to missing #pragma pack(pop)
d:\demo\decodemodule\decoder\oltp_ab\logdef_ab.h(72): warning C4103: alignment changed after including header, may be due to missing #pragma pack(pop)
d:\demo\decodemodule\decoder\oltp_ab\deselmap.h(17): warning C4103: alignment changed after including header, may be due to missing #pragma pack(pop)
d:\demo\decodemodule\decoder\oltp_ab\deselmap.cpp(510): warning C4267: '+=': conversion from 'size_t' to 'unsigned short', possible loss of data
d:\demo\decodemodule\decoder\oltp_ab\deselmap.cpp(1071): warning C4267: '+=': conversion from 'size_t' to 'unsigned short', possible loss of data
d:\demo\decodemodule\decoder\oltp_ab\deselmap.cpp(1112): warning C4267: '+=': conversion from 'size_t' to 'unsigned short', possible loss of data
d:\demo\decodemodule\decoder\oltp_ab\deselmap.cpp(1408): warning C4267: 'initializing': conversion from 'size_t' to 'short', possible loss of data
d:\demo\decodemodule\decoder\oltp_ab\deselmap.cpp(1445): warning C4267: 'initializing': conversion from 'size_t' to 'short', possible loss of data
  ABWithDraw.cpp
d:\demo\decodemodule\decoder\oltp_ab\rdsdef.h(69): warning C4103: alignment changed after including header, may be due to missing #pragma pack(pop)
d:\demo\decodemodule\decoder\oltp_ab\logrdcdef.h(69): warning C4103: alignment changed after including header, may be due to missing #pragma pack(pop)
d:\demo\decodemodule\decoder\oltp_ab\logdef_ab.h(66): warning C4103: alignment changed after including header, may be due to missing #pragma pack(pop)
d:\demo\decodemodule\decoder\oltp_ab\logdef_ab.h(68): warning C4103: alignment changed after including header, may be due to missing #pragma pack(pop)
d:\demo\decodemodule\decoder\oltp_ab\logdef_ab.h(71): warning C4103: alignment changed after including header, may be due to missing #pragma pack(pop)
d:\demo\decodemodule\decoder\oltp_ab\logdef_ab.h(72): warning C4103: alignment changed after including header, may be due to missing #pragma pack(pop)
  ABTxnEnquiry.cpp
d:\demo\decodemodule\decoder\oltp_ab\rdsdef.h(69): warning C4103: alignment changed after including header, may be due to missing #pragma pack(pop)
d:\demo\decodemodule\decoder\oltp_ab\logrdcdef.h(69): warning C4103: alignment changed after including header, may be due to missing #pragma pack(pop)
d:\demo\decodemodule\decoder\oltp_ab\logdef_ab.h(66): warning C4103: alignment changed after including header, may be due to missing #pragma pack(pop)
d:\demo\decodemodule\decoder\oltp_ab\logdef_ab.h(68): warning C4103: alignment changed after including header, may be due to missing #pragma pack(pop)
d:\demo\decodemodule\decoder\oltp_ab\logdef_ab.h(71): warning C4103: alignment changed after including header, may be due to missing #pragma pack(pop)
d:\demo\decodemodule\decoder\oltp_ab\logdef_ab.h(72): warning C4103: alignment changed after including header, may be due to missing #pragma pack(pop)
  ABTextDB.Cpp
  ABTerminateBet.cpp
d:\demo\decodemodule\decoder\oltp_ab\rdsdef.h(69): warning C4103: alignment changed after including header, may be due to missing #pragma pack(pop)
d:\demo\decodemodule\decoder\oltp_ab\logrdcdef.h(69): warning C4103: alignment changed after including header, may be due to missing #pragma pack(pop)
d:\demo\decodemodule\decoder\oltp_ab\logdef_ab.h(66): warning C4103: alignment changed after including header, may be due to missing #pragma pack(pop)
d:\demo\decodemodule\decoder\oltp_ab\logdef_ab.h(68): warning C4103: alignment changed after including header, may be due to missing #pragma pack(pop)
d:\demo\decodemodule\decoder\oltp_ab\logdef_ab.h(71): warning C4103: alignment changed after including header, may be due to missing #pragma pack(pop)
d:\demo\decodemodule\decoder\oltp_ab\logdef_ab.h(72): warning C4103: alignment changed after including header, may be due to missing #pragma pack(pop)
d:\demo\decodemodule\decoder\oltp_ab\abterminatebet.cpp(42): warning C4244: 'initializing': conversion from '__int64' to 'int', possible loss of data
  ABSystemClose.cpp
d:\demo\decodemodule\decoder\oltp_ab\rdsdef.h(69): warning C4103: alignment changed after including header, may be due to missing #pragma pack(pop)
d:\demo\decodemodule\decoder\oltp_ab\logrdcdef.h(69): warning C4103: alignment changed after including header, may be due to missing #pragma pack(pop)
d:\demo\decodemodule\decoder\oltp_ab\logdef_ab.h(66): warning C4103: alignment changed after including header, may be due to missing #pragma pack(pop)
d:\demo\decodemodule\decoder\oltp_ab\logdef_ab.h(68): warning C4103: alignment changed after including header, may be due to missing #pragma pack(pop)
d:\demo\decodemodule\decoder\oltp_ab\logdef_ab.h(71): warning C4103: alignment changed after including header, may be due to missing #pragma pack(pop)
d:\demo\decodemodule\decoder\oltp_ab\logdef_ab.h(72): warning C4103: alignment changed after including header, may be due to missing #pragma pack(pop)
  ABSystem.cpp
d:\demo\decodemodule\decoder\oltp_ab\rdsdef.h(69): warning C4103: alignment changed after including header, may be due to missing #pragma pack(pop)
d:\demo\decodemodule\decoder\oltp_ab\deselmap.h(15): warning C4103: alignment changed after including header, may be due to missing #pragma pack(pop)
d:\demo\decodemodule\decoder\oltp_ab\aadef.h(202): warning C4103: alignment changed after including header, may be due to missing #pragma pack(pop)
d:\demo\decodemodule\decoder\oltp_ab\logdef_ab.h(63): warning C4103: alignment changed after including header, may be due to missing #pragma pack(pop)
d:\demo\decodemodule\decoder\oltp_ab\logrdcdef.h(70): warning C4103: alignment changed after including header, may be due to missing #pragma pack(pop)
d:\demo\decodemodule\decoder\oltp_ab\logdef_ab.h(66): warning C4103: alignment changed after including header, may be due to missing #pragma pack(pop)
d:\demo\decodemodule\decoder\oltp_ab\logdef_ab.h(68): warning C4103: alignment changed after including header, may be due to missing #pragma pack(pop)
d:\demo\decodemodule\decoder\oltp_ab\logdef_ab.h(71): warning C4103: alignment changed after including header, may be due to missing #pragma pack(pop)
d:\demo\decodemodule\decoder\oltp_ab\logdef_ab.h(72): warning C4103: alignment changed after including header, may be due to missing #pragma pack(pop)
d:\demo\decodemodule\decoder\oltp_ab\deselmap.h(17): warning C4103: alignment changed after including header, may be due to missing #pragma pack(pop)
d:\demo\decodemodule\decoder\oltp_ab\absystem.cpp(51): warning C4101: 'lSbcMsgType': unreferenced local variable
d:\demo\decodemodule\decoder\oltp_ab\absystem.cpp(50): warning C4101: 'lWcMsgType': unreferenced local variable
  ABStatCharge.cpp
d:\demo\decodemodule\decoder\oltp_ab\rdsdef.h(69): warning C4103: alignment changed after including header, may be due to missing #pragma pack(pop)
d:\demo\decodemodule\decoder\oltp_ab\logrdcdef.h(69): warning C4103: alignment changed after including header, may be due to missing #pragma pack(pop)
d:\demo\decodemodule\decoder\oltp_ab\logdef_ab.h(66): warning C4103: alignment changed after including header, may be due to missing #pragma pack(pop)
d:\demo\decodemodule\decoder\oltp_ab\logdef_ab.h(68): warning C4103: alignment changed after including header, may be due to missing #pragma pack(pop)
d:\demo\decodemodule\decoder\oltp_ab\logdef_ab.h(71): warning C4103: alignment changed after including header, may be due to missing #pragma pack(pop)
d:\demo\decodemodule\decoder\oltp_ab\logdef_ab.h(72): warning C4103: alignment changed after including header, may be due to missing #pragma pack(pop)
  ABSmsCharge.cpp
d:\demo\decodemodule\decoder\oltp_ab\rdsdef.h(69): warning C4103: alignment changed after including header, may be due to missing #pragma pack(pop)
d:\demo\decodemodule\decoder\oltp_ab\logrdcdef.h(69): warning C4103: alignment changed after including header, may be due to missing #pragma pack(pop)
d:\demo\decodemodule\decoder\oltp_ab\logdef_ab.h(66): warning C4103: alignment changed after including header, may be due to missing #pragma pack(pop)
d:\demo\decodemodule\decoder\oltp_ab\logdef_ab.h(68): warning C4103: alignment changed after including header, may be due to missing #pragma pack(pop)
d:\demo\decodemodule\decoder\oltp_ab\logdef_ab.h(71): warning C4103: alignment changed after including header, may be due to missing #pragma pack(pop)
d:\demo\decodemodule\decoder\oltp_ab\logdef_ab.h(72): warning C4103: alignment changed after including header, may be due to missing #pragma pack(pop)
  ABSignOn.cpp
d:\demo\decodemodule\decoder\oltp_ab\rdsdef.h(69): warning C4103: alignment changed after including header, may be due to missing #pragma pack(pop)
d:\demo\decodemodule\decoder\oltp_ab\logrdcdef.h(69): warning C4103: alignment changed after including header, may be due to missing #pragma pack(pop)
d:\demo\decodemodule\decoder\oltp_ab\logdef_ab.h(66): warning C4103: alignment changed after including header, may be due to missing #pragma pack(pop)
d:\demo\decodemodule\decoder\oltp_ab\logdef_ab.h(68): warning C4103: alignment changed after including header, may be due to missing #pragma pack(pop)
d:\demo\decodemodule\decoder\oltp_ab\logdef_ab.h(71): warning C4103: alignment changed after including header, may be due to missing #pragma pack(pop)
d:\demo\decodemodule\decoder\oltp_ab\logdef_ab.h(72): warning C4103: alignment changed after including header, may be due to missing #pragma pack(pop)
  ABSignOff.cpp
d:\demo\decodemodule\decoder\oltp_ab\rdsdef.h(69): warning C4103: alignment changed after including header, may be due to missing #pragma pack(pop)
d:\demo\decodemodule\decoder\oltp_ab\logrdcdef.h(69): warning C4103: alignment changed after including header, may be due to missing #pragma pack(pop)
d:\demo\decodemodule\decoder\oltp_ab\logdef_ab.h(66): warning C4103: alignment changed after including header, may be due to missing #pragma pack(pop)
d:\demo\decodemodule\decoder\oltp_ab\logdef_ab.h(68): warning C4103: alignment changed after including header, may be due to missing #pragma pack(pop)
d:\demo\decodemodule\decoder\oltp_ab\logdef_ab.h(71): warning C4103: alignment changed after including header, may be due to missing #pragma pack(pop)
d:\demo\decodemodule\decoder\oltp_ab\logdef_ab.h(72): warning C4103: alignment changed after including header, may be due to missing #pragma pack(pop)
  Generating Code...
d:\demo\decodemodule\decoder\oltp_ab\absystem.cpp(348): warning C4172: returning address of local variable or temporary: bufMsg
d:\demo\decodemodule\decoder\oltp_ab\msgtranslator.cpp(62): warning C4172: returning address of local variable or temporary: iRetVal
  Compiling...
  ABSBSelBitmap.cpp
d:\demo\decodemodule\decoder\oltp_ab\absbselbitmap.cpp(275): warning C4267: '=': conversion from 'size_t' to 'int', possible loss of data
d:\demo\decodemodule\decoder\oltp_ab\absbselbitmap.cpp(431): warning C4244: '=': conversion from '__int64' to 'int', possible loss of data
d:\demo\decodemodule\decoder\oltp_ab\absbselbitmap.cpp(434): warning C4244: '=': conversion from '__int64' to 'int', possible loss of data
  ABSbcPoolDef.cpp
d:\demo\decodemodule\decoder\oltp_ab\rdsdef.h(69): warning C4103: alignment changed after including header, may be due to missing #pragma pack(pop)
d:\demo\decodemodule\decoder\oltp_ab\logrdcdef.h(69): warning C4103: alignment changed after including header, may be due to missing #pragma pack(pop)
d:\demo\decodemodule\decoder\oltp_ab\logdef_ab.h(66): warning C4103: alignment changed after including header, may be due to missing #pragma pack(pop)
d:\demo\decodemodule\decoder\oltp_ab\logdef_ab.h(68): warning C4103: alignment changed after including header, may be due to missing #pragma pack(pop)
d:\demo\decodemodule\decoder\oltp_ab\logdef_ab.h(71): warning C4103: alignment changed after including header, may be due to missing #pragma pack(pop)
d:\demo\decodemodule\decoder\oltp_ab\logdef_ab.h(72): warning C4103: alignment changed after including header, may be due to missing #pragma pack(pop)
d:\demo\decodemodule\decoder\oltp_ab\absbcpooldef.cpp(70): warning C4244: 'argument': conversion from 'long' to 'char', possible loss of data
  ABSBBet.cpp
d:\demo\decodemodule\decoder\oltp_ab\sbdef.h(110): warning C4103: alignment changed after including header, may be due to missing #pragma pack(pop)
d:\demo\decodemodule\decoder\oltp_ab\sbdef.h(112): warning C4103: alignment changed after including header, may be due to missing #pragma pack(pop)
d:\demo\decodemodule\decoder\oltp_ab\logrdcdef.h(69): warning C4103: alignment changed after including header, may be due to missing #pragma pack(pop)
d:\demo\decodemodule\decoder\oltp_ab\logdef_ab.h(66): warning C4103: alignment changed after including header, may be due to missing #pragma pack(pop)
d:\demo\decodemodule\decoder\oltp_ab\logdef_ab.h(68): warning C4103: alignment changed after including header, may be due to missing #pragma pack(pop)
d:\demo\decodemodule\decoder\oltp_ab\logdef_ab.h(71): warning C4103: alignment changed after including header, may be due to missing #pragma pack(pop)
d:\demo\decodemodule\decoder\oltp_ab\logdef_ab.h(72): warning C4103: alignment changed after including header, may be due to missing #pragma pack(pop)
d:\demo\decodemodule\decoder\oltp_ab\absbbet.cpp(116): warning C4312: 'type cast': conversion from 'const int' to 'char *' of greater size
d:\demo\decodemodule\decoder\oltp_ab\absbbet.cpp(668): warning C4477: 'sprintf' : format string '%s' requires an argument of type 'char *', but variadic argument 1 has type 'int'
d:\demo\decodemodule\decoder\oltp_ab\absbbet.cpp(668): warning C4313: 'sprintf': '%s' in format string conflicts with argument 1 of type 'int'
d:\demo\decodemodule\decoder\oltp_ab\absbbet.cpp(693): warning C4477: 'sprintf' : format string '%s' requires an argument of type 'char *', but variadic argument 1 has type 'int'
d:\demo\decodemodule\decoder\oltp_ab\absbbet.cpp(693): warning C4313: 'sprintf': '%s' in format string conflicts with argument 1 of type 'int'
d:\demo\decodemodule\decoder\oltp_ab\absbbet.cpp(712): warning C4477: 'sprintf' : format string '%s' requires an argument of type 'char *', but variadic argument 1 has type 'int'
d:\demo\decodemodule\decoder\oltp_ab\absbbet.cpp(712): warning C4313: 'sprintf': '%s' in format string conflicts with argument 1 of type 'int'
d:\demo\decodemodule\decoder\oltp_ab\absbbet.cpp(1548): warning C4244: '=': conversion from '__int64' to 'int', possible loss of data
d:\demo\decodemodule\decoder\oltp_ab\absbbet.cpp(1551): warning C4244: '=': conversion from '__int64' to 'int', possible loss of data
  ABRevDeposit.cpp
d:\demo\decodemodule\decoder\oltp_ab\rdsdef.h(69): warning C4103: alignment changed after including header, may be due to missing #pragma pack(pop)
d:\demo\decodemodule\decoder\oltp_ab\logrdcdef.h(69): warning C4103: alignment changed after including header, may be due to missing #pragma pack(pop)
d:\demo\decodemodule\decoder\oltp_ab\logdef_ab.h(66): warning C4103: alignment changed after including header, may be due to missing #pragma pack(pop)
d:\demo\decodemodule\decoder\oltp_ab\logdef_ab.h(68): warning C4103: alignment changed after including header, may be due to missing #pragma pack(pop)
d:\demo\decodemodule\decoder\oltp_ab\logdef_ab.h(71): warning C4103: alignment changed after including header, may be due to missing #pragma pack(pop)
d:\demo\decodemodule\decoder\oltp_ab\logdef_ab.h(72): warning C4103: alignment changed after including header, may be due to missing #pragma pack(pop)
  ABRevCanDep.cpp
d:\demo\decodemodule\decoder\oltp_ab\rdsdef.h(69): warning C4103: alignment changed after including header, may be due to missing #pragma pack(pop)
d:\demo\decodemodule\decoder\oltp_ab\logrdcdef.h(69): warning C4103: alignment changed after including header, may be due to missing #pragma pack(pop)
d:\demo\decodemodule\decoder\oltp_ab\logdef_ab.h(66): warning C4103: alignment changed after including header, may be due to missing #pragma pack(pop)
d:\demo\decodemodule\decoder\oltp_ab\logdef_ab.h(68): warning C4103: alignment changed after including header, may be due to missing #pragma pack(pop)
d:\demo\decodemodule\decoder\oltp_ab\logdef_ab.h(71): warning C4103: alignment changed after including header, may be due to missing #pragma pack(pop)
d:\demo\decodemodule\decoder\oltp_ab\logdef_ab.h(72): warning C4103: alignment changed after including header, may be due to missing #pragma pack(pop)
  ABReturnCard.cpp
d:\demo\decodemodule\decoder\oltp_ab\rdsdef.h(69): warning C4103: alignment changed after including header, may be due to missing #pragma pack(pop)
d:\demo\decodemodule\decoder\oltp_ab\logrdcdef.h(69): warning C4103: alignment changed after including header, may be due to missing #pragma pack(pop)
d:\demo\decodemodule\decoder\oltp_ab\logdef_ab.h(66): warning C4103: alignment changed after including header, may be due to missing #pragma pack(pop)
d:\demo\decodemodule\decoder\oltp_ab\logdef_ab.h(68): warning C4103: alignment changed after including header, may be due to missing #pragma pack(pop)
d:\demo\decodemodule\decoder\oltp_ab\logdef_ab.h(71): warning C4103: alignment changed after including header, may be due to missing #pragma pack(pop)
d:\demo\decodemodule\decoder\oltp_ab\logdef_ab.h(72): warning C4103: alignment changed after including header, may be due to missing #pragma pack(pop)
  ABRecall.cpp
d:\demo\decodemodule\decoder\oltp_ab\rdsdef.h(69): warning C4103: alignment changed after including header, may be due to missing #pragma pack(pop)
d:\demo\decodemodule\decoder\oltp_ab\logrdcdef.h(69): warning C4103: alignment changed after including header, may be due to missing #pragma pack(pop)
d:\demo\decodemodule\decoder\oltp_ab\logdef_ab.h(66): warning C4103: alignment changed after including header, may be due to missing #pragma pack(pop)
d:\demo\decodemodule\decoder\oltp_ab\logdef_ab.h(68): warning C4103: alignment changed after including header, may be due to missing #pragma pack(pop)
d:\demo\decodemodule\decoder\oltp_ab\logdef_ab.h(71): warning C4103: alignment changed after including header, may be due to missing #pragma pack(pop)
d:\demo\decodemodule\decoder\oltp_ab\logdef_ab.h(72): warning C4103: alignment changed after including header, may be due to missing #pragma pack(pop)
  ABRace.cpp
d:\demo\decodemodule\decoder\oltp_ab\rdsdef.h(69): warning C4103: alignment changed after including header, may be due to missing #pragma pack(pop)
d:\demo\decodemodule\decoder\oltp_ab\logrdcdef.h(69): warning C4103: alignment changed after including header, may be due to missing #pragma pack(pop)
d:\demo\decodemodule\decoder\oltp_ab\logdef_ab.h(66): warning C4103: alignment changed after including header, may be due to missing #pragma pack(pop)
d:\demo\decodemodule\decoder\oltp_ab\logdef_ab.h(68): warning C4103: alignment changed after including header, may be due to missing #pragma pack(pop)
d:\demo\decodemodule\decoder\oltp_ab\logdef_ab.h(71): warning C4103: alignment changed after including header, may be due to missing #pragma pack(pop)
d:\demo\decodemodule\decoder\oltp_ab\logdef_ab.h(72): warning C4103: alignment changed after including header, may be due to missing #pragma pack(pop)
d:\demo\decodemodule\decoder\oltp_ab\abrace.cpp(38): warning C4244: '=': conversion from 'unsigned __int64' to 'int', possible loss of data
d:\demo\decodemodule\decoder\oltp_ab\abrace.cpp(50): warning C4244: 'initializing': conversion from '__int64' to 'double', possible loss of data
d:\demo\decodemodule\decoder\oltp_ab\abrace.cpp(55): warning C4244: 'initializing': conversion from 'double' to '__int64', possible loss of data
d:\demo\decodemodule\decoder\oltp_ab\abrace.cpp(258): warning C4267: '=': conversion from 'size_t' to 'int', possible loss of data
d:\demo\decodemodule\decoder\oltp_ab\abrace.cpp(287): warning C4477: 'sprintf' : format string '%04X' requires an argument of type 'unsigned int', but variadic argument 1 has type 'unsigned __int64'
  d:\demo\decodemodule\decoder\oltp_ab\abrace.cpp(287): note: consider using '%llX' in the format string
  d:\demo\decodemodule\decoder\oltp_ab\abrace.cpp(287): note: consider using '%IX' in the format string
  d:\demo\decodemodule\decoder\oltp_ab\abrace.cpp(287): note: consider using '%I64X' in the format string
d:\demo\decodemodule\decoder\oltp_ab\abrace.cpp(308): warning C4477: 'sprintf' : format string '%04X' requires an argument of type 'unsigned int', but variadic argument 1 has type 'unsigned __int64'
  d:\demo\decodemodule\decoder\oltp_ab\abrace.cpp(308): note: consider using '%llX' in the format string
  d:\demo\decodemodule\decoder\oltp_ab\abrace.cpp(308): note: consider using '%IX' in the format string
  d:\demo\decodemodule\decoder\oltp_ab\abrace.cpp(308): note: consider using '%I64X' in the format string
d:\demo\decodemodule\decoder\oltp_ab\abrace.cpp(315): warning C4477: 'sprintf' : format string '%04X' requires an argument of type 'unsigned int', but variadic argument 1 has type 'unsigned __int64'
  d:\demo\decodemodule\decoder\oltp_ab\abrace.cpp(315): note: consider using '%llX' in the format string
  d:\demo\decodemodule\decoder\oltp_ab\abrace.cpp(315): note: consider using '%IX' in the format string
  d:\demo\decodemodule\decoder\oltp_ab\abrace.cpp(315): note: consider using '%I64X' in the format string
  ABPoolStartPay.cpp
d:\demo\decodemodule\decoder\oltp_ab\rdsdef.h(69): warning C4103: alignment changed after including header, may be due to missing #pragma pack(pop)
d:\demo\decodemodule\decoder\oltp_ab\logrdcdef.h(69): warning C4103: alignment changed after including header, may be due to missing #pragma pack(pop)
d:\demo\decodemodule\decoder\oltp_ab\logdef_ab.h(66): warning C4103: alignment changed after including header, may be due to missing #pragma pack(pop)
d:\demo\decodemodule\decoder\oltp_ab\logdef_ab.h(68): warning C4103: alignment changed after including header, may be due to missing #pragma pack(pop)
d:\demo\decodemodule\decoder\oltp_ab\logdef_ab.h(71): warning C4103: alignment changed after including header, may be due to missing #pragma pack(pop)
d:\demo\decodemodule\decoder\oltp_ab\logdef_ab.h(72): warning C4103: alignment changed after including header, may be due to missing #pragma pack(pop)
d:\demo\decodemodule\decoder\oltp_ab\abpoolstartpay.cpp(26): warning C4244: 'initializing': conversion from 'short' to 'char', possible loss of data
  ABPoolRefund.cpp
d:\demo\decodemodule\decoder\oltp_ab\rdsdef.h(69): warning C4103: alignment changed after including header, may be due to missing #pragma pack(pop)
d:\demo\decodemodule\decoder\oltp_ab\logrdcdef.h(69): warning C4103: alignment changed after including header, may be due to missing #pragma pack(pop)
d:\demo\decodemodule\decoder\oltp_ab\logdef_ab.h(66): warning C4103: alignment changed after including header, may be due to missing #pragma pack(pop)
d:\demo\decodemodule\decoder\oltp_ab\logdef_ab.h(68): warning C4103: alignment changed after including header, may be due to missing #pragma pack(pop)
d:\demo\decodemodule\decoder\oltp_ab\logdef_ab.h(71): warning C4103: alignment changed after including header, may be due to missing #pragma pack(pop)
d:\demo\decodemodule\decoder\oltp_ab\logdef_ab.h(72): warning C4103: alignment changed after including header, may be due to missing #pragma pack(pop)
d:\demo\decodemodule\decoder\oltp_ab\abpoolrefund.cpp(9): warning C4067: unexpected tokens following preprocessor directive - expected a newline
d:\demo\decodemodule\decoder\oltp_ab\abpoolrefund.cpp(39): warning C4244: 'argument': conversion from 'short' to 'char', possible loss of data
  ABPolWtwSI.cpp
d:\demo\decodemodule\decoder\oltp_ab\rdsdef.h(69): warning C4103: alignment changed after including header, may be due to missing #pragma pack(pop)
d:\demo\decodemodule\decoder\oltp_ab\logrdcdef.h(69): warning C4103: alignment changed after including header, may be due to missing #pragma pack(pop)
d:\demo\decodemodule\decoder\oltp_ab\logdef_ab.h(66): warning C4103: alignment changed after including header, may be due to missing #pragma pack(pop)
d:\demo\decodemodule\decoder\oltp_ab\logdef_ab.h(68): warning C4103: alignment changed after including header, may be due to missing #pragma pack(pop)
d:\demo\decodemodule\decoder\oltp_ab\logdef_ab.h(71): warning C4103: alignment changed after including header, may be due to missing #pragma pack(pop)
d:\demo\decodemodule\decoder\oltp_ab\logdef_ab.h(72): warning C4103: alignment changed after including header, may be due to missing #pragma pack(pop)
  ABPolLoyalty.cpp
d:\demo\decodemodule\decoder\oltp_ab\rdsdef.h(69): warning C4103: alignment changed after including header, may be due to missing #pragma pack(pop)
d:\demo\decodemodule\decoder\oltp_ab\logrdcdef.h(69): warning C4103: alignment changed after including header, may be due to missing #pragma pack(pop)
d:\demo\decodemodule\decoder\oltp_ab\logdef_ab.h(66): warning C4103: alignment changed after including header, may be due to missing #pragma pack(pop)
d:\demo\decodemodule\decoder\oltp_ab\logdef_ab.h(68): warning C4103: alignment changed after including header, may be due to missing #pragma pack(pop)
d:\demo\decodemodule\decoder\oltp_ab\logdef_ab.h(71): warning C4103: alignment changed after including header, may be due to missing #pragma pack(pop)
d:\demo\decodemodule\decoder\oltp_ab\logdef_ab.h(72): warning C4103: alignment changed after including header, may be due to missing #pragma pack(pop)
  ABPolLotterySI.cpp
d:\demo\decodemodule\decoder\oltp_ab\rdsdef.h(69): warning C4103: alignment changed after including header, may be due to missing #pragma pack(pop)
d:\demo\decodemodule\decoder\oltp_ab\logrdcdef.h(69): warning C4103: alignment changed after including header, may be due to missing #pragma pack(pop)
d:\demo\decodemodule\decoder\oltp_ab\logdef_ab.h(66): warning C4103: alignment changed after including header, may be due to missing #pragma pack(pop)
d:\demo\decodemodule\decoder\oltp_ab\logdef_ab.h(68): warning C4103: alignment changed after including header, may be due to missing #pragma pack(pop)
d:\demo\decodemodule\decoder\oltp_ab\logdef_ab.h(71): warning C4103: alignment changed after including header, may be due to missing #pragma pack(pop)
d:\demo\decodemodule\decoder\oltp_ab\logdef_ab.h(72): warning C4103: alignment changed after including header, may be due to missing #pragma pack(pop)
d:\demo\decodemodule\decoder\oltp_ab\abpollotterysi.cpp(37): warning C4018: '<': signed/unsigned mismatch
  ABPolDrCrAdj.cpp
d:\demo\decodemodule\decoder\oltp_ab\rdsdef.h(69): warning C4103: alignment changed after including header, may be due to missing #pragma pack(pop)
d:\demo\decodemodule\decoder\oltp_ab\logrdcdef.h(69): warning C4103: alignment changed after including header, may be due to missing #pragma pack(pop)
d:\demo\decodemodule\decoder\oltp_ab\logdef_ab.h(66): warning C4103: alignment changed after including header, may be due to missing #pragma pack(pop)
d:\demo\decodemodule\decoder\oltp_ab\logdef_ab.h(68): warning C4103: alignment changed after including header, may be due to missing #pragma pack(pop)
d:\demo\decodemodule\decoder\oltp_ab\logdef_ab.h(71): warning C4103: alignment changed after including header, may be due to missing #pragma pack(pop)
d:\demo\decodemodule\decoder\oltp_ab\logdef_ab.h(72): warning C4103: alignment changed after including header, may be due to missing #pragma pack(pop)
  ABPolBg.cpp
d:\demo\decodemodule\decoder\oltp_ab\rdsdef.h(69): warning C4103: alignment changed after including header, may be due to missing #pragma pack(pop)
d:\demo\decodemodule\decoder\oltp_ab\logrdcdef.h(69): warning C4103: alignment changed after including header, may be due to missing #pragma pack(pop)
d:\demo\decodemodule\decoder\oltp_ab\logdef_ab.h(66): warning C4103: alignment changed after including header, may be due to missing #pragma pack(pop)
d:\demo\decodemodule\decoder\oltp_ab\logdef_ab.h(68): warning C4103: alignment changed after including header, may be due to missing #pragma pack(pop)
d:\demo\decodemodule\decoder\oltp_ab\logdef_ab.h(71): warning C4103: alignment changed after including header, may be due to missing #pragma pack(pop)
d:\demo\decodemodule\decoder\oltp_ab\logdef_ab.h(72): warning C4103: alignment changed after including header, may be due to missing #pragma pack(pop)
  ABMsgTranslator.cpp
d:\demo\decodemodule\decoder\oltp_ab\rdsdef.h(69): warning C4103: alignment changed after including header, may be due to missing #pragma pack(pop)
d:\demo\decodemodule\decoder\oltp_ab\logrdcdef.h(69): warning C4103: alignment changed after including header, may be due to missing #pragma pack(pop)
d:\demo\decodemodule\decoder\oltp_ab\logdef.h(31): warning C4103: alignment changed after including header, may be due to missing #pragma pack(pop)
d:\demo\decodemodule\decoder\oltp_ab\logdef.h(32): warning C4103: alignment changed after including header, may be due to missing #pragma pack(pop)
d:\demo\decodemodule\decoder\oltp_ab\logdef_ab.h(71): warning C4103: alignment changed after including header, may be due to missing #pragma pack(pop)
d:\demo\decodemodule\decoder\oltp_ab\logdef_ab.h(72): warning C4103: alignment changed after including header, may be due to missing #pragma pack(pop)
d:\demo\decodemodule\decoder\oltp_ab\abmsgtranslator.cpp(207): warning C4244: '=': conversion from '__int64' to 'unsigned int', possible loss of data
d:\demo\decodemodule\decoder\oltp_ab\abmsgtranslator.cpp(518): warning C4477: 'sprintf' : format string '%c' requires an argument of type 'int', but variadic argument 1 has type 'char *'
d:\demo\decodemodule\decoder\oltp_ab\abmsgtranslator.cpp(518): warning C4313: 'sprintf': '%c' in format string conflicts with argument 1 of type 'char *'
d:\demo\decodemodule\decoder\oltp_ab\abmsgtranslator.cpp(599): warning C4244: '=': conversion from '__int64' to 'unsigned int', possible loss of data
  ABMeetingAbandon.cpp
d:\demo\decodemodule\decoder\oltp_ab\rdsdef.h(69): warning C4103: alignment changed after including header, may be due to missing #pragma pack(pop)
d:\demo\decodemodule\decoder\oltp_ab\logrdcdef.h(69): warning C4103: alignment changed after including header, may be due to missing #pragma pack(pop)
d:\demo\decodemodule\decoder\oltp_ab\logdef_ab.h(66): warning C4103: alignment changed after including header, may be due to missing #pragma pack(pop)
d:\demo\decodemodule\decoder\oltp_ab\logdef_ab.h(68): warning C4103: alignment changed after including header, may be due to missing #pragma pack(pop)
d:\demo\decodemodule\decoder\oltp_ab\logdef_ab.h(71): warning C4103: alignment changed after including header, may be due to missing #pragma pack(pop)
d:\demo\decodemodule\decoder\oltp_ab\logdef_ab.h(72): warning C4103: alignment changed after including header, may be due to missing #pragma pack(pop)
d:\demo\decodemodule\decoder\oltp_ab\abmeetingabandon.cpp(20): warning C4101: 'm_sMeetDate': unreferenced local variable
  ABLottery.cpp
d:\demo\decodemodule\decoder\oltp_ab\rdsdef.h(69): warning C4103: alignment changed after including header, may be due to missing #pragma pack(pop)
d:\demo\decodemodule\decoder\oltp_ab\logrdcdef.h(69): warning C4103: alignment changed after including header, may be due to missing #pragma pack(pop)
d:\demo\decodemodule\decoder\oltp_ab\logdef_ab.h(66): warning C4103: alignment changed after including header, may be due to missing #pragma pack(pop)
d:\demo\decodemodule\decoder\oltp_ab\logdef_ab.h(68): warning C4103: alignment changed after including header, may be due to missing #pragma pack(pop)
d:\demo\decodemodule\decoder\oltp_ab\logdef_ab.h(71): warning C4103: alignment changed after including header, may be due to missing #pragma pack(pop)
d:\demo\decodemodule\decoder\oltp_ab\logdef_ab.h(72): warning C4103: alignment changed after including header, may be due to missing #pragma pack(pop)
  ABLogger.cpp
  ABIssueCard.cpp
d:\demo\decodemodule\decoder\oltp_ab\rdsdef.h(69): warning C4103: alignment changed after including header, may be due to missing #pragma pack(pop)
d:\demo\decodemodule\decoder\oltp_ab\logrdcdef.h(69): warning C4103: alignment changed after including header, may be due to missing #pragma pack(pop)
d:\demo\decodemodule\decoder\oltp_ab\logdef_ab.h(66): warning C4103: alignment changed after including header, may be due to missing #pragma pack(pop)
d:\demo\decodemodule\decoder\oltp_ab\logdef_ab.h(68): warning C4103: alignment changed after including header, may be due to missing #pragma pack(pop)
d:\demo\decodemodule\decoder\oltp_ab\logdef_ab.h(71): warning C4103: alignment changed after including header, may be due to missing #pragma pack(pop)
d:\demo\decodemodule\decoder\oltp_ab\logdef_ab.h(72): warning C4103: alignment changed after including header, may be due to missing #pragma pack(pop)
  Generating Code...
  Compiling...
  ABEodSBDiv.cpp
d:\demo\decodemodule\decoder\oltp_ab\rdsdef.h(69): warning C4103: alignment changed after including header, may be due to missing #pragma pack(pop)
d:\demo\decodemodule\decoder\oltp_ab\logrdcdef.h(69): warning C4103: alignment changed after including header, may be due to missing #pragma pack(pop)
d:\demo\decodemodule\decoder\oltp_ab\logdef_ab.h(66): warning C4103: alignment changed after including header, may be due to missing #pragma pack(pop)
d:\demo\decodemodule\decoder\oltp_ab\logdef_ab.h(68): warning C4103: alignment changed after including header, may be due to missing #pragma pack(pop)
d:\demo\decodemodule\decoder\oltp_ab\logdef_ab.h(71): warning C4103: alignment changed after including header, may be due to missing #pragma pack(pop)
d:\demo\decodemodule\decoder\oltp_ab\logdef_ab.h(72): warning C4103: alignment changed after including header, may be due to missing #pragma pack(pop)
  ABEodRaceDiv.cpp
d:\demo\decodemodule\decoder\oltp_ab\rdsdef.h(69): warning C4103: alignment changed after including header, may be due to missing #pragma pack(pop)
d:\demo\decodemodule\decoder\oltp_ab\logrdcdef.h(69): warning C4103: alignment changed after including header, may be due to missing #pragma pack(pop)
d:\demo\decodemodule\decoder\oltp_ab\logdef_ab.h(66): warning C4103: alignment changed after including header, may be due to missing #pragma pack(pop)
d:\demo\decodemodule\decoder\oltp_ab\logdef_ab.h(68): warning C4103: alignment changed after including header, may be due to missing #pragma pack(pop)
d:\demo\decodemodule\decoder\oltp_ab\logdef_ab.h(71): warning C4103: alignment changed after including header, may be due to missing #pragma pack(pop)
d:\demo\decodemodule\decoder\oltp_ab\logdef_ab.h(72): warning C4103: alignment changed after including header, may be due to missing #pragma pack(pop)
d:\demo\decodemodule\decoder\oltp_ab\abeodracediv.cpp(52): warning C4101: 'time': unreferenced local variable
d:\demo\decodemodule\decoder\oltp_ab\abeodracediv.cpp(51): warning C4101: 'day': unreferenced local variable
  ABEodLotDiv.cpp
d:\demo\decodemodule\decoder\oltp_ab\rdsdef.h(69): warning C4103: alignment changed after including header, may be due to missing #pragma pack(pop)
d:\demo\decodemodule\decoder\oltp_ab\logrdcdef.h(69): warning C4103: alignment changed after including header, may be due to missing #pragma pack(pop)
d:\demo\decodemodule\decoder\oltp_ab\logdef_ab.h(66): warning C4103: alignment changed after including header, may be due to missing #pragma pack(pop)
d:\demo\decodemodule\decoder\oltp_ab\logdef_ab.h(68): warning C4103: alignment changed after including header, may be due to missing #pragma pack(pop)
d:\demo\decodemodule\decoder\oltp_ab\logdef_ab.h(71): warning C4103: alignment changed after including header, may be due to missing #pragma pack(pop)
d:\demo\decodemodule\decoder\oltp_ab\logdef_ab.h(72): warning C4103: alignment changed after including header, may be due to missing #pragma pack(pop)
  ABEodDivFor.cpp
d:\demo\decodemodule\decoder\oltp_ab\rdsdef.h(69): warning C4103: alignment changed after including header, may be due to missing #pragma pack(pop)
d:\demo\decodemodule\decoder\oltp_ab\logrdcdef.h(69): warning C4103: alignment changed after including header, may be due to missing #pragma pack(pop)
d:\demo\decodemodule\decoder\oltp_ab\logdef_ab.h(66): warning C4103: alignment changed after including header, may be due to missing #pragma pack(pop)
d:\demo\decodemodule\decoder\oltp_ab\logdef_ab.h(68): warning C4103: alignment changed after including header, may be due to missing #pragma pack(pop)
d:\demo\decodemodule\decoder\oltp_ab\logdef_ab.h(71): warning C4103: alignment changed after including header, may be due to missing #pragma pack(pop)
d:\demo\decodemodule\decoder\oltp_ab\logdef_ab.h(72): warning C4103: alignment changed after including header, may be due to missing #pragma pack(pop)
  ABEodCrAdj.cpp
d:\demo\decodemodule\decoder\oltp_ab\rdsdef.h(69): warning C4103: alignment changed after including header, may be due to missing #pragma pack(pop)
d:\demo\decodemodule\decoder\oltp_ab\logrdcdef.h(69): warning C4103: alignment changed after including header, may be due to missing #pragma pack(pop)
d:\demo\decodemodule\decoder\oltp_ab\logdef_ab.h(66): warning C4103: alignment changed after including header, may be due to missing #pragma pack(pop)
d:\demo\decodemodule\decoder\oltp_ab\logdef_ab.h(68): warning C4103: alignment changed after including header, may be due to missing #pragma pack(pop)
d:\demo\decodemodule\decoder\oltp_ab\logdef_ab.h(71): warning C4103: alignment changed after including header, may be due to missing #pragma pack(pop)
d:\demo\decodemodule\decoder\oltp_ab\logdef_ab.h(72): warning C4103: alignment changed after including header, may be due to missing #pragma pack(pop)
  ABEodCanLotSI.cpp
d:\demo\decodemodule\decoder\oltp_ab\rdsdef.h(69): warning C4103: alignment changed after including header, may be due to missing #pragma pack(pop)
d:\demo\decodemodule\decoder\oltp_ab\logrdcdef.h(69): warning C4103: alignment changed after including header, may be due to missing #pragma pack(pop)
d:\demo\decodemodule\decoder\oltp_ab\logdef_ab.h(66): warning C4103: alignment changed after including header, may be due to missing #pragma pack(pop)
d:\demo\decodemodule\decoder\oltp_ab\logdef_ab.h(68): warning C4103: alignment changed after including header, may be due to missing #pragma pack(pop)
d:\demo\decodemodule\decoder\oltp_ab\logdef_ab.h(71): warning C4103: alignment changed after including header, may be due to missing #pragma pack(pop)
d:\demo\decodemodule\decoder\oltp_ab\logdef_ab.h(72): warning C4103: alignment changed after including header, may be due to missing #pragma pack(pop)
d:\demo\decodemodule\decoder\oltp_ab\abeodcanlotsi.cpp(49): warning C4018: '<': signed/unsigned mismatch
  ABEftMisc.cpp
d:\demo\decodemodule\decoder\oltp_ab\rdsdef.h(69): warning C4103: alignment changed after including header, may be due to missing #pragma pack(pop)
d:\demo\decodemodule\decoder\oltp_ab\logrdcdef.h(69): warning C4103: alignment changed after including header, may be due to missing #pragma pack(pop)
d:\demo\decodemodule\decoder\oltp_ab\logdef_ab.h(66): warning C4103: alignment changed after including header, may be due to missing #pragma pack(pop)
d:\demo\decodemodule\decoder\oltp_ab\logdef_ab.h(68): warning C4103: alignment changed after including header, may be due to missing #pragma pack(pop)
d:\demo\decodemodule\decoder\oltp_ab\logdef_ab.h(71): warning C4103: alignment changed after including header, may be due to missing #pragma pack(pop)
d:\demo\decodemodule\decoder\oltp_ab\logdef_ab.h(72): warning C4103: alignment changed after including header, may be due to missing #pragma pack(pop)
  ABEftErt.cpp
d:\demo\decodemodule\decoder\oltp_ab\rdsdef.h(69): warning C4103: alignment changed after including header, may be due to missing #pragma pack(pop)
d:\demo\decodemodule\decoder\oltp_ab\logrdcdef.h(69): warning C4103: alignment changed after including header, may be due to missing #pragma pack(pop)
d:\demo\decodemodule\decoder\oltp_ab\logdef_ab.h(66): warning C4103: alignment changed after including header, may be due to missing #pragma pack(pop)
d:\demo\decodemodule\decoder\oltp_ab\logdef_ab.h(68): warning C4103: alignment changed after including header, may be due to missing #pragma pack(pop)
d:\demo\decodemodule\decoder\oltp_ab\logdef_ab.h(71): warning C4103: alignment changed after including header, may be due to missing #pragma pack(pop)
d:\demo\decodemodule\decoder\oltp_ab\logdef_ab.h(72): warning C4103: alignment changed after including header, may be due to missing #pragma pack(pop)
  ABEftCvIssue.cpp
d:\demo\decodemodule\decoder\oltp_ab\rdsdef.h(69): warning C4103: alignment changed after including header, may be due to missing #pragma pack(pop)
d:\demo\decodemodule\decoder\oltp_ab\logrdcdef.h(69): warning C4103: alignment changed after including header, may be due to missing #pragma pack(pop)
d:\demo\decodemodule\decoder\oltp_ab\logdef_ab.h(66): warning C4103: alignment changed after including header, may be due to missing #pragma pack(pop)
d:\demo\decodemodule\decoder\oltp_ab\logdef_ab.h(68): warning C4103: alignment changed after including header, may be due to missing #pragma pack(pop)
d:\demo\decodemodule\decoder\oltp_ab\logdef_ab.h(71): warning C4103: alignment changed after including header, may be due to missing #pragma pack(pop)
d:\demo\decodemodule\decoder\oltp_ab\logdef_ab.h(72): warning C4103: alignment changed after including header, may be due to missing #pragma pack(pop)
  ABEftAcctBal.cpp
d:\demo\decodemodule\decoder\oltp_ab\rdsdef.h(69): warning C4103: alignment changed after including header, may be due to missing #pragma pack(pop)
d:\demo\decodemodule\decoder\oltp_ab\logrdcdef.h(69): warning C4103: alignment changed after including header, may be due to missing #pragma pack(pop)
d:\demo\decodemodule\decoder\oltp_ab\logdef_ab.h(66): warning C4103: alignment changed after including header, may be due to missing #pragma pack(pop)
d:\demo\decodemodule\decoder\oltp_ab\logdef_ab.h(68): warning C4103: alignment changed after including header, may be due to missing #pragma pack(pop)
d:\demo\decodemodule\decoder\oltp_ab\logdef_ab.h(71): warning C4103: alignment changed after including header, may be due to missing #pragma pack(pop)
d:\demo\decodemodule\decoder\oltp_ab\logdef_ab.h(72): warning C4103: alignment changed after including header, may be due to missing #pragma pack(pop)
  ABEftAccAct.cpp
d:\demo\decodemodule\decoder\oltp_ab\rdsdef.h(69): warning C4103: alignment changed after including header, may be due to missing #pragma pack(pop)
d:\demo\decodemodule\decoder\oltp_ab\logrdcdef.h(69): warning C4103: alignment changed after including header, may be due to missing #pragma pack(pop)
d:\demo\decodemodule\decoder\oltp_ab\logdef_ab.h(66): warning C4103: alignment changed after including header, may be due to missing #pragma pack(pop)
d:\demo\decodemodule\decoder\oltp_ab\logdef_ab.h(68): warning C4103: alignment changed after including header, may be due to missing #pragma pack(pop)
d:\demo\decodemodule\decoder\oltp_ab\logdef_ab.h(71): warning C4103: alignment changed after including header, may be due to missing #pragma pack(pop)
d:\demo\decodemodule\decoder\oltp_ab\logdef_ab.h(72): warning C4103: alignment changed after including header, may be due to missing #pragma pack(pop)
  ABDrCrAdjust.cpp
d:\demo\decodemodule\decoder\oltp_ab\rdsdef.h(69): warning C4103: alignment changed after including header, may be due to missing #pragma pack(pop)
d:\demo\decodemodule\decoder\oltp_ab\logrdcdef.h(69): warning C4103: alignment changed after including header, may be due to missing #pragma pack(pop)
d:\demo\decodemodule\decoder\oltp_ab\logdef_ab.h(66): warning C4103: alignment changed after including header, may be due to missing #pragma pack(pop)
d:\demo\decodemodule\decoder\oltp_ab\logdef_ab.h(68): warning C4103: alignment changed after including header, may be due to missing #pragma pack(pop)
d:\demo\decodemodule\decoder\oltp_ab\logdef_ab.h(71): warning C4103: alignment changed after including header, may be due to missing #pragma pack(pop)
d:\demo\decodemodule\decoder\oltp_ab\logdef_ab.h(72): warning C4103: alignment changed after including header, may be due to missing #pragma pack(pop)
  ABDeposit.cpp
d:\demo\decodemodule\decoder\oltp_ab\rdsdef.h(69): warning C4103: alignment changed after including header, may be due to missing #pragma pack(pop)
d:\demo\decodemodule\decoder\oltp_ab\logrdcdef.h(69): warning C4103: alignment changed after including header, may be due to missing #pragma pack(pop)
d:\demo\decodemodule\decoder\oltp_ab\logdef_ab.h(66): warning C4103: alignment changed after including header, may be due to missing #pragma pack(pop)
d:\demo\decodemodule\decoder\oltp_ab\logdef_ab.h(68): warning C4103: alignment changed after including header, may be due to missing #pragma pack(pop)
d:\demo\decodemodule\decoder\oltp_ab\logdef_ab.h(71): warning C4103: alignment changed after including header, may be due to missing #pragma pack(pop)
d:\demo\decodemodule\decoder\oltp_ab\logdef_ab.h(72): warning C4103: alignment changed after including header, may be due to missing #pragma pack(pop)
  ABCscReturn.cpp
d:\demo\decodemodule\decoder\oltp_ab\rdsdef.h(69): warning C4103: alignment changed after including header, may be due to missing #pragma pack(pop)
d:\demo\decodemodule\decoder\oltp_ab\logrdcdef.h(69): warning C4103: alignment changed after including header, may be due to missing #pragma pack(pop)
d:\demo\decodemodule\decoder\oltp_ab\logdef_ab.h(66): warning C4103: alignment changed after including header, may be due to missing #pragma pack(pop)
d:\demo\decodemodule\decoder\oltp_ab\logdef_ab.h(68): warning C4103: alignment changed after including header, may be due to missing #pragma pack(pop)
d:\demo\decodemodule\decoder\oltp_ab\logdef_ab.h(71): warning C4103: alignment changed after including header, may be due to missing #pragma pack(pop)
d:\demo\decodemodule\decoder\oltp_ab\logdef_ab.h(72): warning C4103: alignment changed after including header, may be due to missing #pragma pack(pop)
  ABCscReplace.cpp
d:\demo\decodemodule\decoder\oltp_ab\rdsdef.h(69): warning C4103: alignment changed after including header, may be due to missing #pragma pack(pop)
d:\demo\decodemodule\decoder\oltp_ab\logrdcdef.h(69): warning C4103: alignment changed after including header, may be due to missing #pragma pack(pop)
d:\demo\decodemodule\decoder\oltp_ab\logdef_ab.h(66): warning C4103: alignment changed after including header, may be due to missing #pragma pack(pop)
d:\demo\decodemodule\decoder\oltp_ab\logdef_ab.h(68): warning C4103: alignment changed after including header, may be due to missing #pragma pack(pop)
d:\demo\decodemodule\decoder\oltp_ab\logdef_ab.h(71): warning C4103: alignment changed after including header, may be due to missing #pragma pack(pop)
d:\demo\decodemodule\decoder\oltp_ab\logdef_ab.h(72): warning C4103: alignment changed after including header, may be due to missing #pragma pack(pop)
  ABCscIssue.cpp
d:\demo\decodemodule\decoder\oltp_ab\rdsdef.h(69): warning C4103: alignment changed after including header, may be due to missing #pragma pack(pop)
d:\demo\decodemodule\decoder\oltp_ab\logrdcdef.h(69): warning C4103: alignment changed after including header, may be due to missing #pragma pack(pop)
d:\demo\decodemodule\decoder\oltp_ab\logdef_ab.h(66): warning C4103: alignment changed after including header, may be due to missing #pragma pack(pop)
d:\demo\decodemodule\decoder\oltp_ab\logdef_ab.h(68): warning C4103: alignment changed after including header, may be due to missing #pragma pack(pop)
d:\demo\decodemodule\decoder\oltp_ab\logdef_ab.h(71): warning C4103: alignment changed after including header, may be due to missing #pragma pack(pop)
d:\demo\decodemodule\decoder\oltp_ab\logdef_ab.h(72): warning C4103: alignment changed after including header, may be due to missing #pragma pack(pop)
  ABCscBalance.cpp
d:\demo\decodemodule\decoder\oltp_ab\rdsdef.h(69): warning C4103: alignment changed after including header, may be due to missing #pragma pack(pop)
d:\demo\decodemodule\decoder\oltp_ab\logrdcdef.h(69): warning C4103: alignment changed after including header, may be due to missing #pragma pack(pop)
d:\demo\decodemodule\decoder\oltp_ab\logdef_ab.h(66): warning C4103: alignment changed after including header, may be due to missing #pragma pack(pop)
d:\demo\decodemodule\decoder\oltp_ab\logdef_ab.h(68): warning C4103: alignment changed after including header, may be due to missing #pragma pack(pop)
d:\demo\decodemodule\decoder\oltp_ab\logdef_ab.h(71): warning C4103: alignment changed after including header, may be due to missing #pragma pack(pop)
d:\demo\decodemodule\decoder\oltp_ab\logdef_ab.h(72): warning C4103: alignment changed after including header, may be due to missing #pragma pack(pop)
  ABCitReplace.cpp
d:\demo\decodemodule\decoder\oltp_ab\rdsdef.h(69): warning C4103: alignment changed after including header, may be due to missing #pragma pack(pop)
d:\demo\decodemodule\decoder\oltp_ab\logrdcdef.h(69): warning C4103: alignment changed after including header, may be due to missing #pragma pack(pop)
d:\demo\decodemodule\decoder\oltp_ab\logdef_ab.h(66): warning C4103: alignment changed after including header, may be due to missing #pragma pack(pop)
d:\demo\decodemodule\decoder\oltp_ab\logdef_ab.h(68): warning C4103: alignment changed after including header, may be due to missing #pragma pack(pop)
d:\demo\decodemodule\decoder\oltp_ab\logdef_ab.h(71): warning C4103: alignment changed after including header, may be due to missing #pragma pack(pop)
d:\demo\decodemodule\decoder\oltp_ab\logdef_ab.h(72): warning C4103: alignment changed after including header, may be due to missing #pragma pack(pop)
  ABCitIssue.cpp
d:\demo\decodemodule\decoder\oltp_ab\rdsdef.h(69): warning C4103: alignment changed after including header, may be due to missing #pragma pack(pop)
d:\demo\decodemodule\decoder\oltp_ab\logrdcdef.h(69): warning C4103: alignment changed after including header, may be due to missing #pragma pack(pop)
d:\demo\decodemodule\decoder\oltp_ab\logdef_ab.h(66): warning C4103: alignment changed after including header, may be due to missing #pragma pack(pop)
d:\demo\decodemodule\decoder\oltp_ab\logdef_ab.h(68): warning C4103: alignment changed after including header, may be due to missing #pragma pack(pop)
d:\demo\decodemodule\decoder\oltp_ab\logdef_ab.h(71): warning C4103: alignment changed after including header, may be due to missing #pragma pack(pop)
d:\demo\decodemodule\decoder\oltp_ab\logdef_ab.h(72): warning C4103: alignment changed after including header, may be due to missing #pragma pack(pop)
  ABCitCancel.cpp
d:\demo\decodemodule\decoder\oltp_ab\rdsdef.h(69): warning C4103: alignment changed after including header, may be due to missing #pragma pack(pop)
d:\demo\decodemodule\decoder\oltp_ab\logrdcdef.h(69): warning C4103: alignment changed after including header, may be due to missing #pragma pack(pop)
d:\demo\decodemodule\decoder\oltp_ab\logdef_ab.h(66): warning C4103: alignment changed after including header, may be due to missing #pragma pack(pop)
d:\demo\decodemodule\decoder\oltp_ab\logdef_ab.h(68): warning C4103: alignment changed after including header, may be due to missing #pragma pack(pop)
d:\demo\decodemodule\decoder\oltp_ab\logdef_ab.h(71): warning C4103: alignment changed after including header, may be due to missing #pragma pack(pop)
d:\demo\decodemodule\decoder\oltp_ab\logdef_ab.h(72): warning C4103: alignment changed after including header, may be due to missing #pragma pack(pop)
  Generating Code...
  Compiling...
  ABCardReplace.cpp
d:\demo\decodemodule\decoder\oltp_ab\rdsdef.h(69): warning C4103: alignment changed after including header, may be due to missing #pragma pack(pop)
d:\demo\decodemodule\decoder\oltp_ab\logrdcdef.h(69): warning C4103: alignment changed after including header, may be due to missing #pragma pack(pop)
d:\demo\decodemodule\decoder\oltp_ab\logdef_ab.h(66): warning C4103: alignment changed after including header, may be due to missing #pragma pack(pop)
d:\demo\decodemodule\decoder\oltp_ab\logdef_ab.h(68): warning C4103: alignment changed after including header, may be due to missing #pragma pack(pop)
d:\demo\decodemodule\decoder\oltp_ab\logdef_ab.h(71): warning C4103: alignment changed after including header, may be due to missing #pragma pack(pop)
d:\demo\decodemodule\decoder\oltp_ab\logdef_ab.h(72): warning C4103: alignment changed after including header, may be due to missing #pragma pack(pop)
  ABCancel.cpp
d:\demo\decodemodule\decoder\oltp_ab\rdsdef.h(69): warning C4103: alignment changed after including header, may be due to missing #pragma pack(pop)
d:\demo\decodemodule\decoder\oltp_ab\logrdcdef.h(69): warning C4103: alignment changed after including header, may be due to missing #pragma pack(pop)
d:\demo\decodemodule\decoder\oltp_ab\logdef_ab.h(66): warning C4103: alignment changed after including header, may be due to missing #pragma pack(pop)
d:\demo\decodemodule\decoder\oltp_ab\logdef_ab.h(68): warning C4103: alignment changed after including header, may be due to missing #pragma pack(pop)
d:\demo\decodemodule\decoder\oltp_ab\logdef_ab.h(71): warning C4103: alignment changed after including header, may be due to missing #pragma pack(pop)
d:\demo\decodemodule\decoder\oltp_ab\logdef_ab.h(72): warning C4103: alignment changed after including header, may be due to missing #pragma pack(pop)
d:\demo\decodemodule\decoder\oltp_ab\abcancel.cpp(180): warning C4101: 'm_date': unreferenced local variable
  ABCallTransfer.cpp
d:\demo\decodemodule\decoder\oltp_ab\rdsdef.h(69): warning C4103: alignment changed after including header, may be due to missing #pragma pack(pop)
d:\demo\decodemodule\decoder\oltp_ab\logrdcdef.h(69): warning C4103: alignment changed after including header, may be due to missing #pragma pack(pop)
d:\demo\decodemodule\decoder\oltp_ab\logdef_ab.h(66): warning C4103: alignment changed after including header, may be due to missing #pragma pack(pop)
d:\demo\decodemodule\decoder\oltp_ab\logdef_ab.h(68): warning C4103: alignment changed after including header, may be due to missing #pragma pack(pop)
d:\demo\decodemodule\decoder\oltp_ab\logdef_ab.h(71): warning C4103: alignment changed after including header, may be due to missing #pragma pack(pop)
d:\demo\decodemodule\decoder\oltp_ab\logdef_ab.h(72): warning C4103: alignment changed after including header, may be due to missing #pragma pack(pop)
  ABBatchDep.cpp
d:\demo\decodemodule\decoder\oltp_ab\rdsdef.h(69): warning C4103: alignment changed after including header, may be due to missing #pragma pack(pop)
d:\demo\decodemodule\decoder\oltp_ab\logrdcdef.h(69): warning C4103: alignment changed after including header, may be due to missing #pragma pack(pop)
d:\demo\decodemodule\decoder\oltp_ab\logdef_ab.h(66): warning C4103: alignment changed after including header, may be due to missing #pragma pack(pop)
d:\demo\decodemodule\decoder\oltp_ab\logdef_ab.h(68): warning C4103: alignment changed after including header, may be due to missing #pragma pack(pop)
d:\demo\decodemodule\decoder\oltp_ab\logdef_ab.h(71): warning C4103: alignment changed after including header, may be due to missing #pragma pack(pop)
d:\demo\decodemodule\decoder\oltp_ab\logdef_ab.h(72): warning C4103: alignment changed after including header, may be due to missing #pragma pack(pop)
  ABAcctRelease.cpp
d:\demo\decodemodule\decoder\oltp_ab\rdsdef.h(69): warning C4103: alignment changed after including header, may be due to missing #pragma pack(pop)
d:\demo\decodemodule\decoder\oltp_ab\logrdcdef.h(69): warning C4103: alignment changed after including header, may be due to missing #pragma pack(pop)
d:\demo\decodemodule\decoder\oltp_ab\logdef_ab.h(66): warning C4103: alignment changed after including header, may be due to missing #pragma pack(pop)
d:\demo\decodemodule\decoder\oltp_ab\logdef_ab.h(68): warning C4103: alignment changed after including header, may be due to missing #pragma pack(pop)
d:\demo\decodemodule\decoder\oltp_ab\logdef_ab.h(71): warning C4103: alignment changed after including header, may be due to missing #pragma pack(pop)
d:\demo\decodemodule\decoder\oltp_ab\logdef_ab.h(72): warning C4103: alignment changed after including header, may be due to missing #pragma pack(pop)
  ABAcctOpenNew.cpp
d:\demo\decodemodule\decoder\oltp_ab\rdsdef.h(69): warning C4103: alignment changed after including header, may be due to missing #pragma pack(pop)
d:\demo\decodemodule\decoder\oltp_ab\logrdcdef.h(69): warning C4103: alignment changed after including header, may be due to missing #pragma pack(pop)
d:\demo\decodemodule\decoder\oltp_ab\logdef_ab.h(66): warning C4103: alignment changed after including header, may be due to missing #pragma pack(pop)
d:\demo\decodemodule\decoder\oltp_ab\logdef_ab.h(68): warning C4103: alignment changed after including header, may be due to missing #pragma pack(pop)
d:\demo\decodemodule\decoder\oltp_ab\logdef_ab.h(71): warning C4103: alignment changed after including header, may be due to missing #pragma pack(pop)
d:\demo\decodemodule\decoder\oltp_ab\logdef_ab.h(72): warning C4103: alignment changed after including header, may be due to missing #pragma pack(pop)
  ABAcctOpen.cpp
d:\demo\decodemodule\decoder\oltp_ab\rdsdef.h(69): warning C4103: alignment changed after including header, may be due to missing #pragma pack(pop)
d:\demo\decodemodule\decoder\oltp_ab\logrdcdef.h(69): warning C4103: alignment changed after including header, may be due to missing #pragma pack(pop)
d:\demo\decodemodule\decoder\oltp_ab\logdef_ab.h(66): warning C4103: alignment changed after including header, may be due to missing #pragma pack(pop)
d:\demo\decodemodule\decoder\oltp_ab\logdef_ab.h(68): warning C4103: alignment changed after including header, may be due to missing #pragma pack(pop)
d:\demo\decodemodule\decoder\oltp_ab\logdef_ab.h(71): warning C4103: alignment changed after including header, may be due to missing #pragma pack(pop)
d:\demo\decodemodule\decoder\oltp_ab\logdef_ab.h(72): warning C4103: alignment changed after including header, may be due to missing #pragma pack(pop)
  ABAcctDetailNew.cpp
d:\demo\decodemodule\decoder\oltp_ab\rdsdef.h(69): warning C4103: alignment changed after including header, may be due to missing #pragma pack(pop)
d:\demo\decodemodule\decoder\oltp_ab\logrdcdef.h(69): warning C4103: alignment changed after including header, may be due to missing #pragma pack(pop)
d:\demo\decodemodule\decoder\oltp_ab\logdef_ab.h(66): warning C4103: alignment changed after including header, may be due to missing #pragma pack(pop)
d:\demo\decodemodule\decoder\oltp_ab\logdef_ab.h(68): warning C4103: alignment changed after including header, may be due to missing #pragma pack(pop)
d:\demo\decodemodule\decoder\oltp_ab\logdef_ab.h(71): warning C4103: alignment changed after including header, may be due to missing #pragma pack(pop)
d:\demo\decodemodule\decoder\oltp_ab\logdef_ab.h(72): warning C4103: alignment changed after including header, may be due to missing #pragma pack(pop)
  ABAcctDetail.cpp
d:\demo\decodemodule\decoder\oltp_ab\rdsdef.h(69): warning C4103: alignment changed after including header, may be due to missing #pragma pack(pop)
d:\demo\decodemodule\decoder\oltp_ab\logrdcdef.h(69): warning C4103: alignment changed after including header, may be due to missing #pragma pack(pop)
d:\demo\decodemodule\decoder\oltp_ab\logdef_ab.h(66): warning C4103: alignment changed after including header, may be due to missing #pragma pack(pop)
d:\demo\decodemodule\decoder\oltp_ab\logdef_ab.h(68): warning C4103: alignment changed after including header, may be due to missing #pragma pack(pop)
d:\demo\decodemodule\decoder\oltp_ab\logdef_ab.h(71): warning C4103: alignment changed after including header, may be due to missing #pragma pack(pop)
d:\demo\decodemodule\decoder\oltp_ab\logdef_ab.h(72): warning C4103: alignment changed after including header, may be due to missing #pragma pack(pop)
  ABAcctClose.cpp
d:\demo\decodemodule\decoder\oltp_ab\rdsdef.h(69): warning C4103: alignment changed after including header, may be due to missing #pragma pack(pop)
d:\demo\decodemodule\decoder\oltp_ab\logrdcdef.h(69): warning C4103: alignment changed after including header, may be due to missing #pragma pack(pop)
d:\demo\decodemodule\decoder\oltp_ab\logdef_ab.h(66): warning C4103: alignment changed after including header, may be due to missing #pragma pack(pop)
d:\demo\decodemodule\decoder\oltp_ab\logdef_ab.h(68): warning C4103: alignment changed after including header, may be due to missing #pragma pack(pop)
d:\demo\decodemodule\decoder\oltp_ab\logdef_ab.h(71): warning C4103: alignment changed after including header, may be due to missing #pragma pack(pop)
d:\demo\decodemodule\decoder\oltp_ab\logdef_ab.h(72): warning C4103: alignment changed after including header, may be due to missing #pragma pack(pop)
  ABAcctAccess.cpp
d:\demo\decodemodule\decoder\oltp_ab\rdsdef.h(69): warning C4103: alignment changed after including header, may be due to missing #pragma pack(pop)
d:\demo\decodemodule\decoder\oltp_ab\logrdcdef.h(69): warning C4103: alignment changed after including header, may be due to missing #pragma pack(pop)
d:\demo\decodemodule\decoder\oltp_ab\logdef_ab.h(66): warning C4103: alignment changed after including header, may be due to missing #pragma pack(pop)
d:\demo\decodemodule\decoder\oltp_ab\logdef_ab.h(68): warning C4103: alignment changed after including header, may be due to missing #pragma pack(pop)
d:\demo\decodemodule\decoder\oltp_ab\logdef_ab.h(71): warning C4103: alignment changed after including header, may be due to missing #pragma pack(pop)
d:\demo\decodemodule\decoder\oltp_ab\logdef_ab.h(72): warning C4103: alignment changed after including header, may be due to missing #pragma pack(pop)
  Generating Code...
     Creating library D:\Demo\DecodeModule\DECODER\x64\Debug\oltp_ab.lib and object D:\Demo\DecodeModule\DECODER\x64\Debug\oltp_ab.exp
  oltp_ab.vcxproj -> D:\Demo\DecodeModule\DECODER\x64\Debug\oltp_ab.dll
  oltp_ab.vcxproj -> D:\Demo\DecodeModule\DECODER\x64\Debug\oltp_ab.pdb (Partial PDB)
  Current Folder is: D:\Demo
  EDABI Folder is       : D:\Demo
  "===================================================================="
  TargetFile is           : D:\Demo\DecodeModule\DECODER\x64\Debug
  AppSetupDir is			 : "D:\Demo\APP_Setup"
  3rdLibraryDir is	     : "D:\Demo\EDA Project\3rdpartylib\decoder"
  DecodeLibraryDir is     : "D:\Demo\EDA Project\DecodeLibrary"
  "===================================================================="
  copy /y "D:\Demo\DecodeModule\DECODER\x64\Debug\oltp_ab.dll" "D:\Demo\APP_Setup"
          1 file(s) copied.
  copy /y "D:\Demo\DecodeModule\DECODER\x64\Debug\oltp_ab.dll" "D:\Demo\EDA Project\3rdpartylib\decoder"
          0 file(s) copied.
  The system cannot find the path specified.
  copy /y "D:\Demo\DecodeModule\DECODER\x64\Debug\oltp_ab.dll" "D:\Demo\EDA Project\DecodeLibrary"
  The system cannot find the path specified.
          0 file(s) copied.
  END 
