d:\developments\edabi\decodemodule\decoder\oltp_cb\x64\debug\vc140.pdb
d:\developments\edabi\decodemodule\decoder\oltp_cb\x64\debug\vc140.idb
d:\developments\edabi\decodemodule\decoder\oltp_cb\x64\debug\cbsbbet.obj
d:\developments\edabi\decodemodule\decoder\oltp_cb\x64\debug\cbsbbetdetail.obj
d:\developments\edabi\decodemodule\decoder\oltp_cb\x64\debug\cbsbcpooldef.obj
d:\developments\edabi\decodemodule\decoder\oltp_cb\x64\debug\cbsbselbitmap.obj
d:\developments\edabi\decodemodule\decoder\oltp_cb\x64\debug\cbsignoff.obj
d:\developments\edabi\decodemodule\decoder\oltp_cb\x64\debug\cbsignon.obj
d:\developments\edabi\decodemodule\decoder\oltp_cb\x64\debug\cbstoppay.obj
d:\developments\edabi\decodemodule\decoder\oltp_cb\x64\debug\cbsysclose.obj
d:\developments\edabi\decodemodule\decoder\oltp_cb\x64\debug\cbsystem.obj
d:\developments\edabi\decodemodule\decoder\oltp_cb\x64\debug\cbtbdep.obj
d:\developments\edabi\decodemodule\decoder\oltp_cb\x64\debug\cbtextdb.obj
d:\developments\edabi\decodemodule\decoder\oltp_cb\x64\debug\deselmap.obj
d:\developments\edabi\decodemodule\decoder\oltp_cb\x64\debug\dllcbexport.obj
d:\developments\edabi\decodemodule\decoder\oltp_cb\x64\debug\extractmgr.obj
d:\developments\edabi\decodemodule\decoder\oltp_cb\x64\debug\jclogger.obj
d:\developments\edabi\decodemodule\decoder\oltp_cb\x64\debug\jcsystem.obj
d:\developments\edabi\decodemodule\decoder\oltp_cb\x64\debug\msgtranslator.obj
d:\developments\edabi\decodemodule\decoder\oltp_cb\x64\debug\storage.obj
d:\developments\edabi\decodemodule\decoder\oltp_cb\x64\debug\terminal.obj
d:\developments\edabi\decodemodule\decoder\oltp_cb\x64\debug\textdb.obj
d:\developments\edabi\decodemodule\decoder\oltp_cb\x64\debug\cbcancel.obj
d:\developments\edabi\decodemodule\decoder\oltp_cb\x64\debug\cbcashin.obj
d:\developments\edabi\decodemodule\decoder\oltp_cb\x64\debug\cbcashout.obj
d:\developments\edabi\decodemodule\decoder\oltp_cb\x64\debug\cbcvcash.obj
d:\developments\edabi\decodemodule\decoder\oltp_cb\x64\debug\cbcvissue.obj
d:\developments\edabi\decodemodule\decoder\oltp_cb\x64\debug\cbeftbal.obj
d:\developments\edabi\decodemodule\decoder\oltp_cb\x64\debug\cbeftcv.obj
d:\developments\edabi\decodemodule\decoder\oltp_cb\x64\debug\cbeftdeposit.obj
d:\developments\edabi\decodemodule\decoder\oltp_cb\x64\debug\cbefterr.obj
d:\developments\edabi\decodemodule\decoder\oltp_cb\x64\debug\cbeftfund.obj
d:\developments\edabi\decodemodule\decoder\oltp_cb\x64\debug\cbeftsts.obj
d:\developments\edabi\decodemodule\decoder\oltp_cb\x64\debug\cbeftwith.obj
d:\developments\edabi\decodemodule\decoder\oltp_cb\x64\debug\cbesccash.obj
d:\developments\edabi\decodemodule\decoder\oltp_cb\x64\debug\cblogger.obj
d:\developments\edabi\decodemodule\decoder\oltp_cb\x64\debug\cblottery.obj
d:\developments\edabi\decodemodule\decoder\oltp_cb\x64\debug\cbmsgtranslator.obj
d:\developments\edabi\decodemodule\decoder\oltp_cb\x64\debug\cbpayout.obj
d:\developments\edabi\decodemodule\decoder\oltp_cb\x64\debug\cbpoolstartpay.obj
d:\developments\edabi\decodemodule\decoder\oltp_cb\x64\debug\cbrdt.obj
d:\developments\edabi\decodemodule\decoder\oltp_cb\x64\debug\cbrelease.obj
d:\developments\edabi\decodemodule\decoder\oltp_cb\x64\debug\cbbet.obj
d:\developments\edabi\decodemodule\decoder\x64\debug\oltp_cb.ilk
d:\developments\edabi\decodemodule\decoder\x64\debug\oltp_cb.dll
d:\developments\edabi\decodemodule\decoder\x64\debug\oltp_cb.pdb
d:\developments\edabi\decodemodule\decoder\x64\debug\oltp_cb.lib
d:\developments\edabi\decodemodule\decoder\x64\debug\oltp_cb.exp
d:\developments\edabi\decodemodule\decoder\oltp_cb\x64\debug\resource.res
d:\demo\decodemodule\decoder\oltp_cb\x64\debug\oltp_cb.tlog\cl.command.1.tlog
d:\demo\decodemodule\decoder\oltp_cb\x64\debug\oltp_cb.tlog\cl.read.1.tlog
d:\demo\decodemodule\decoder\oltp_cb\x64\debug\oltp_cb.tlog\cl.write.1.tlog
d:\demo\decodemodule\decoder\oltp_cb\x64\debug\oltp_cb.tlog\link.command.1.tlog
d:\demo\decodemodule\decoder\oltp_cb\x64\debug\oltp_cb.tlog\link.read.1.tlog
d:\demo\decodemodule\decoder\oltp_cb\x64\debug\oltp_cb.tlog\link.write.1.tlog
d:\demo\decodemodule\decoder\oltp_cb\x64\debug\oltp_cb.tlog\oltp_cb.write.1u.tlog
d:\demo\decodemodule\decoder\oltp_cb\x64\debug\oltp_cb.tlog\rc.command.1.tlog
d:\demo\decodemodule\decoder\oltp_cb\x64\debug\oltp_cb.tlog\rc.read.1.tlog
d:\demo\decodemodule\decoder\oltp_cb\x64\debug\oltp_cb.tlog\rc.write.1.tlog
