c:\work\edap\decoder\oltp_ab\x64\release\vc140.pdb
c:\work\edap\decoder\oltp_ab\x64\release\tbaccount.obj
c:\work\edap\decoder\oltp_ab\x64\release\storage.obj
c:\work\edap\decoder\oltp_ab\x64\release\stdafx.obj
c:\work\edap\decoder\oltp_ab\x64\release\msgtranslator.obj
c:\work\edap\decoder\oltp_ab\x64\release\jcsystem.obj
c:\work\edap\decoder\oltp_ab\x64\release\jclogger.obj
c:\work\edap\decoder\oltp_ab\x64\release\extractmgr.obj
c:\work\edap\decoder\oltp_ab\x64\release\dllexport.obj
c:\work\edap\decoder\oltp_ab\x64\release\deselmap.obj
c:\work\edap\decoder\oltp_ab\x64\release\absystem.obj
c:\work\edap\decoder\oltp_ab\x64\release\abrace.obj
c:\work\edap\decoder\oltp_ab\x64\release\abmsgtranslator.obj
c:\work\edap\decoder\oltp_ab\x64\release\ablogger.obj
c:\work\edap\decoder\oltp_ab\x64\release\abcancel.obj
c:\work\edap\decoder\x64\release\oltp_ab.dll
c:\work\edap\decoder\x64\release\oltp_ab.ipdb
c:\work\edap\decoder\x64\release\oltp_ab.iobj
c:\work\edap\decoder\x64\release\oltp_ab.pdb
c:\work\edap\decoder\x64\release\oltp_ab.lib
c:\work\edap\decoder\x64\release\oltp_ab.exp
c:\work\edap\decoder\oltp_ab\x64\release\resource.res
c:\work\edap\decoder\oltp_ab\x64\release\oltp_ab.tlog\cl.command.1.tlog
c:\work\edap\decoder\oltp_ab\x64\release\oltp_ab.tlog\cl.read.1.tlog
c:\work\edap\decoder\oltp_ab\x64\release\oltp_ab.tlog\cl.write.1.tlog
c:\work\edap\decoder\oltp_ab\x64\release\oltp_ab.tlog\link.command.1.tlog
c:\work\edap\decoder\oltp_ab\x64\release\oltp_ab.tlog\link.read.1.tlog
c:\work\edap\decoder\oltp_ab\x64\release\oltp_ab.tlog\link.write.1.tlog
c:\work\edap\decoder\oltp_ab\x64\release\oltp_ab.tlog\oltp_ab.write.1u.tlog
c:\work\edap\decoder\oltp_ab\x64\release\oltp_ab.tlog\rc.command.1.tlog
c:\work\edap\decoder\oltp_ab\x64\release\oltp_ab.tlog\rc.read.1.tlog
c:\work\edap\decoder\oltp_ab\x64\release\oltp_ab.tlog\rc.write.1.tlog
