  ABCancel.cpp
c:\work\edap\decoder\oltp_ab\rdsdef.h(69): warning C4103: alignment changed after including header, may be due to missing #pragma pack(pop)
c:\work\edap\decoder\oltp_ab\logrdcdef.h(69): warning C4103: alignment changed after including header, may be due to missing #pragma pack(pop)
c:\work\edap\decoder\oltp_ab\LOGDEF_AB.h(66): warning C4103: alignment changed after including header, may be due to missing #pragma pack(pop)
c:\work\edap\decoder\oltp_ab\LOGDEF_AB.h(68): warning C4103: alignment changed after including header, may be due to missing #pragma pack(pop)
c:\work\edap\decoder\oltp_ab\LOGDEF_AB.h(71): warning C4103: alignment changed after including header, may be due to missing #pragma pack(pop)
c:\work\edap\decoder\oltp_ab\LOGDEF_AB.h(72): warning C4103: alignment changed after including header, may be due to missing #pragma pack(pop)
ABCancel.cpp(180): warning C4101: 'm_date': unreferenced local variable
  ABLogger.cpp
  ABMsgTranslator.cpp
c:\work\edap\decoder\oltp_ab\rdsdef.h(69): warning C4103: alignment changed after including header, may be due to missing #pragma pack(pop)
c:\work\edap\decoder\oltp_ab\logrdcdef.h(69): warning C4103: alignment changed after including header, may be due to missing #pragma pack(pop)
c:\work\edap\decoder\oltp_ab\LOGDEF.h(31): warning C4103: alignment changed after including header, may be due to missing #pragma pack(pop)
c:\work\edap\decoder\oltp_ab\LOGDEF.h(32): warning C4103: alignment changed after including header, may be due to missing #pragma pack(pop)
c:\work\edap\decoder\oltp_ab\LOGDEF_AB.h(71): warning C4103: alignment changed after including header, may be due to missing #pragma pack(pop)
c:\work\edap\decoder\oltp_ab\LOGDEF_AB.h(72): warning C4103: alignment changed after including header, may be due to missing #pragma pack(pop)
ABMsgTranslator.cpp(207): warning C4244: '=': conversion from '__int64' to 'unsigned int', possible loss of data
ABMsgTranslator.cpp(518): warning C4477: 'sprintf' : format string '%c' requires an argument of type 'int', but variadic argument 1 has type 'char *'
ABMsgTranslator.cpp(518): warning C4313: 'sprintf': '%c' in format string conflicts with argument 1 of type 'char *'
ABMsgTranslator.cpp(599): warning C4244: '=': conversion from '__int64' to 'unsigned int', possible loss of data
  ABRace.cpp
c:\work\edap\decoder\oltp_ab\rdsdef.h(69): warning C4103: alignment changed after including header, may be due to missing #pragma pack(pop)
c:\work\edap\decoder\oltp_ab\logrdcdef.h(69): warning C4103: alignment changed after including header, may be due to missing #pragma pack(pop)
c:\work\edap\decoder\oltp_ab\LOGDEF_AB.h(66): warning C4103: alignment changed after including header, may be due to missing #pragma pack(pop)
c:\work\edap\decoder\oltp_ab\LOGDEF_AB.h(68): warning C4103: alignment changed after including header, may be due to missing #pragma pack(pop)
c:\work\edap\decoder\oltp_ab\LOGDEF_AB.h(71): warning C4103: alignment changed after including header, may be due to missing #pragma pack(pop)
c:\work\edap\decoder\oltp_ab\LOGDEF_AB.h(72): warning C4103: alignment changed after including header, may be due to missing #pragma pack(pop)
ABRace.cpp(38): warning C4244: '=': conversion from 'unsigned __int64' to 'int', possible loss of data
ABRace.cpp(50): warning C4244: 'initializing': conversion from '__int64' to 'double', possible loss of data
ABRace.cpp(55): warning C4244: 'initializing': conversion from 'double' to '__int64', possible loss of data
ABRace.cpp(258): warning C4267: '=': conversion from 'size_t' to 'int', possible loss of data
ABRace.cpp(287): warning C4477: 'sprintf' : format string '%04X' requires an argument of type 'unsigned int', but variadic argument 1 has type 'unsigned __int64'
  ABRace.cpp(287): note: consider using '%llX' in the format string
  ABRace.cpp(287): note: consider using '%IX' in the format string
  ABRace.cpp(287): note: consider using '%I64X' in the format string
ABRace.cpp(308): warning C4477: 'sprintf' : format string '%04X' requires an argument of type 'unsigned int', but variadic argument 1 has type 'unsigned __int64'
  ABRace.cpp(308): note: consider using '%llX' in the format string
  ABRace.cpp(308): note: consider using '%IX' in the format string
  ABRace.cpp(308): note: consider using '%I64X' in the format string
ABRace.cpp(315): warning C4477: 'sprintf' : format string '%04X' requires an argument of type 'unsigned int', but variadic argument 1 has type 'unsigned __int64'
  ABRace.cpp(315): note: consider using '%llX' in the format string
  ABRace.cpp(315): note: consider using '%IX' in the format string
  ABRace.cpp(315): note: consider using '%I64X' in the format string
  ABSystem.cpp
c:\work\edap\decoder\oltp_ab\rdsdef.h(69): warning C4103: alignment changed after including header, may be due to missing #pragma pack(pop)
c:\work\edap\decoder\oltp_ab\DeSelMap.h(15): warning C4103: alignment changed after including header, may be due to missing #pragma pack(pop)
c:\work\edap\decoder\oltp_ab\aadef.h(202): warning C4103: alignment changed after including header, may be due to missing #pragma pack(pop)
c:\work\edap\decoder\oltp_ab\LOGDEF_AB.h(63): warning C4103: alignment changed after including header, may be due to missing #pragma pack(pop)
c:\work\edap\decoder\oltp_ab\logrdcdef.h(70): warning C4103: alignment changed after including header, may be due to missing #pragma pack(pop)
c:\work\edap\decoder\oltp_ab\LOGDEF_AB.h(66): warning C4103: alignment changed after including header, may be due to missing #pragma pack(pop)
c:\work\edap\decoder\oltp_ab\LOGDEF_AB.h(68): warning C4103: alignment changed after including header, may be due to missing #pragma pack(pop)
c:\work\edap\decoder\oltp_ab\LOGDEF_AB.h(71): warning C4103: alignment changed after including header, may be due to missing #pragma pack(pop)
c:\work\edap\decoder\oltp_ab\LOGDEF_AB.h(72): warning C4103: alignment changed after including header, may be due to missing #pragma pack(pop)
c:\work\edap\decoder\oltp_ab\DeSelMap.h(17): warning C4103: alignment changed after including header, may be due to missing #pragma pack(pop)
ABSystem.cpp(51): warning C4101: 'lSbcMsgType': unreferenced local variable
ABSystem.cpp(50): warning C4101: 'lWcMsgType': unreferenced local variable
  DeSelMap.cpp
c:\work\edap\decoder\oltp_ab\rdsdef.h(69): warning C4103: alignment changed after including header, may be due to missing #pragma pack(pop)
c:\work\edap\decoder\oltp_ab\DeSelMap.h(15): warning C4103: alignment changed after including header, may be due to missing #pragma pack(pop)
c:\work\edap\decoder\oltp_ab\aadef.h(202): warning C4103: alignment changed after including header, may be due to missing #pragma pack(pop)
c:\work\edap\decoder\oltp_ab\LOGDEF_AB.h(63): warning C4103: alignment changed after including header, may be due to missing #pragma pack(pop)
c:\work\edap\decoder\oltp_ab\logrdcdef.h(70): warning C4103: alignment changed after including header, may be due to missing #pragma pack(pop)
c:\work\edap\decoder\oltp_ab\LOGDEF_AB.h(66): warning C4103: alignment changed after including header, may be due to missing #pragma pack(pop)
c:\work\edap\decoder\oltp_ab\LOGDEF_AB.h(68): warning C4103: alignment changed after including header, may be due to missing #pragma pack(pop)
c:\work\edap\decoder\oltp_ab\LOGDEF_AB.h(71): warning C4103: alignment changed after including header, may be due to missing #pragma pack(pop)
c:\work\edap\decoder\oltp_ab\LOGDEF_AB.h(72): warning C4103: alignment changed after including header, may be due to missing #pragma pack(pop)
c:\work\edap\decoder\oltp_ab\DeSelMap.h(17): warning C4103: alignment changed after including header, may be due to missing #pragma pack(pop)
DeSelMap.cpp(510): warning C4267: '+=': conversion from 'size_t' to 'unsigned short', possible loss of data
DeSelMap.cpp(1071): warning C4267: '+=': conversion from 'size_t' to 'unsigned short', possible loss of data
DeSelMap.cpp(1112): warning C4267: '+=': conversion from 'size_t' to 'unsigned short', possible loss of data
DeSelMap.cpp(1408): warning C4267: 'initializing': conversion from 'size_t' to 'short', possible loss of data
DeSelMap.cpp(1445): warning C4267: 'initializing': conversion from 'size_t' to 'short', possible loss of data
  DllExport.cpp
c:\work\edap\decoder\oltp_ab\rdsdef.h(69): warning C4103: alignment changed after including header, may be due to missing #pragma pack(pop)
c:\work\edap\decoder\oltp_ab\logrdcdef.h(69): warning C4103: alignment changed after including header, may be due to missing #pragma pack(pop)
c:\work\edap\decoder\oltp_ab\LOGDEF_AB.h(66): warning C4103: alignment changed after including header, may be due to missing #pragma pack(pop)
c:\work\edap\decoder\oltp_ab\LOGDEF_AB.h(68): warning C4103: alignment changed after including header, may be due to missing #pragma pack(pop)
c:\work\edap\decoder\oltp_ab\LOGDEF_AB.h(71): warning C4103: alignment changed after including header, may be due to missing #pragma pack(pop)
c:\work\edap\decoder\oltp_ab\LOGDEF_AB.h(72): warning C4103: alignment changed after including header, may be due to missing #pragma pack(pop)
  ExtractMgr.cpp
c:\work\edap\decoder\oltp_ab\rdsdef.h(69): warning C4103: alignment changed after including header, may be due to missing #pragma pack(pop)
c:\work\edap\decoder\oltp_ab\logrdcdef.h(69): warning C4103: alignment changed after including header, may be due to missing #pragma pack(pop)
c:\work\edap\decoder\oltp_ab\LOGDEF_AB.h(66): warning C4103: alignment changed after including header, may be due to missing #pragma pack(pop)
c:\work\edap\decoder\oltp_ab\LOGDEF_AB.h(68): warning C4103: alignment changed after including header, may be due to missing #pragma pack(pop)
c:\work\edap\decoder\oltp_ab\LOGDEF_AB.h(71): warning C4103: alignment changed after including header, may be due to missing #pragma pack(pop)
c:\work\edap\decoder\oltp_ab\LOGDEF_AB.h(72): warning C4103: alignment changed after including header, may be due to missing #pragma pack(pop)
ExtractMgr.cpp(22): warning C4067: unexpected tokens following preprocessor directive - expected a newline
ExtractMgr.cpp(347): warning C4267: 'initializing': conversion from 'size_t' to 'int', possible loss of data
ExtractMgr.cpp(447): warning C4267: '=': conversion from 'size_t' to 'int', possible loss of data
ExtractMgr.cpp(236): warning C4477: 'sprintf' : format string '%d' requires an argument of type 'int', but variadic argument 4 has type 'std::size_t'
  ExtractMgr.cpp(236): note: consider using '%zd' in the format string
ExtractMgr.cpp(236): warning C4477: 'sprintf' : format string '%d' requires an argument of type 'int', but variadic argument 5 has type 'std::size_t'
  ExtractMgr.cpp(236): note: consider using '%zd' in the format string
ExtractMgr.cpp(637): warning C4290: C++ exception specification ignored except to indicate a function is not __declspec(nothrow)
ExtractMgr.cpp(695): warning C4267: 'initializing': conversion from 'size_t' to 'int', possible loss of data
ExtractMgr.cpp(740): warning C4267: 'initializing': conversion from 'size_t' to 'int', possible loss of data
  JCLogger.cpp
c:\work\edap\decoder\oltp_ab\rdsdef.h(69): warning C4103: alignment changed after including header, may be due to missing #pragma pack(pop)
c:\work\edap\decoder\oltp_ab\logrdcdef.h(69): warning C4103: alignment changed after including header, may be due to missing #pragma pack(pop)
c:\work\edap\decoder\oltp_ab\LOGDEF.H(31): warning C4103: alignment changed after including header, may be due to missing #pragma pack(pop)
c:\work\edap\decoder\oltp_ab\LOGDEF.H(32): warning C4103: alignment changed after including header, may be due to missing #pragma pack(pop)
c:\work\edap\decoder\oltp_ab\LOGDEF_AB.H(71): warning C4103: alignment changed after including header, may be due to missing #pragma pack(pop)
c:\work\edap\decoder\oltp_ab\LOGDEF_AB.H(72): warning C4103: alignment changed after including header, may be due to missing #pragma pack(pop)
  JCSystem.cpp
  MsgTranslator.cpp
c:\work\edap\decoder\oltp_ab\rdsdef.h(69): warning C4103: alignment changed after including header, may be due to missing #pragma pack(pop)
c:\work\edap\decoder\oltp_ab\logrdcdef.h(69): warning C4103: alignment changed after including header, may be due to missing #pragma pack(pop)
c:\work\edap\decoder\oltp_ab\LOGDEF.H(31): warning C4103: alignment changed after including header, may be due to missing #pragma pack(pop)
c:\work\edap\decoder\oltp_ab\LOGDEF.H(32): warning C4103: alignment changed after including header, may be due to missing #pragma pack(pop)
MsgTranslator.cpp(27): warning C4312: 'type cast': conversion from 'const int' to 'char *' of greater size
  StdAfx.cpp
  Storage.cpp
Storage.cpp(132): warning C4302: 'type cast': truncation from 'char *' to 'char'
Storage.cpp(134): warning C4302: 'type cast': truncation from 'char *' to 'char'
  TBAccount.Cpp
     Creating library C:\Work\EDAP\DECODER\x64\Release\oltp_ab.lib and object C:\Work\EDAP\DECODER\x64\Release\oltp_ab.exp
  Generating code
c:\work\edap\decoder\oltp_ab\absystem.cpp(348): warning C4172: returning address of local variable or temporary: bufMsg
  All 377 functions were compiled because no usable IPDB/IOBJ from previous compilation was found.
  Finished generating code
  oltp_ab.vcxproj -> C:\Work\EDAP\DECODER\x64\Release\oltp_ab.dll
  oltp_ab.vcxproj -> C:\Work\EDAP\DECODER\x64\Release\oltp_ab.pdb (Full PDB)
  Current Folder is: C:\Work
  EDABI Folder is       : C:\Work
  "===================================================================="
  TargetFile is           : C:\Work\EDAP\DECODER\x64\Release
  AppSetupDir is			 : "C:\Work\APP_Setup"
  3rdLibraryDir is	     : "C:\Work\EDA Project\3rdpartylib\decoder"
  DecodeLibraryDir is     : "C:\Work\EDA Project\DecodeLibrary"
  "===================================================================="
  copy /y "C:\Work\EDAP\DECODER\x64\Release\oltp_ab.dll" "C:\Work\APP_Setup"
          1 file(s) copied.
  copy /y "C:\Work\EDAP\DECODER\x64\Release\oltp_ab.dll" "C:\Work\EDA Project\3rdpartylib\decoder"
  The system cannot find the path specified.
          0 file(s) copied.
  copy /y "C:\Work\EDAP\DECODER\x64\Release\oltp_ab.dll" "C:\Work\EDA Project\DecodeLibrary"
  The system cannot find the path specified.
          0 file(s) copied.
  END 
