Time[2025-05-06 09:17:40,893]  Level[INFO] total messages to be decoded:3
Time[2025-05-06 09:17:40,893]  Level[DEBUG] Payload header:20@|@20150401@|@16974474@|@2563@|@0@|@
Time[2025-05-06 09:17:40,894]  Level[DEBUG] system id:20; activity id:16974474
Time[2025-05-06 09:19:28,810]  Level[INFO] total messages to be decoded:3
Time[2025-05-06 09:19:28,810]  Level[DEBUG] Payload header:20@|@20150401@|@16974474@|@2563@|@0@|@
Time[2025-05-06 09:19:28,811]  Level[DEBUG] system id:20; activity id:16974474
Time[2025-05-06 09:25:35,902]  Level[INFO] total messages to be decoded:3
Time[2025-05-06 09:25:35,903]  Level[DEBUG] Payload header:20@|@20150401@|@16974474@|@2563@|@0@|@
Time[2025-05-06 09:25:35,903]  Level[DEBUG] system id:20; activity id:16974474
Time[2025-05-06 09:29:31,008]  Level[INFO] total messages to be decoded:3
Time[2025-05-06 09:29:31,009]  Level[DEBUG] Payload header:20@|@20150401@|@16974474@|@2563@|@0@|@
Time[2025-05-06 09:29:31,009]  Level[DEBUG] system id:20; activity id:16974474
Time[2025-05-06 09:29:53,864]  Level[INFO] total messages to be decoded:3
Time[2025-05-06 09:29:53,865]  Level[DEBUG] Payload header:20@|@20150401@|@16974474@|@2563@|@0@|@
Time[2025-05-06 09:29:53,865]  Level[DEBUG] system id:20; activity id:16974474
Time[2025-05-06 09:42:20,519]  Level[INFO] total messages to be decoded:1
Time[2025-05-06 09:42:20,519]  Level[DEBUG] Payload header:17@|@20160911@|@3002467955@|@0@|@0@|@
Time[2025-05-06 09:42:20,519]  Level[DEBUG] system id:17; activity id:3002467955
Time[2025-05-06 09:42:33,783]  Level[DEBUG] Start decoding message:system id:17; activity id:3002467955
Time[2025-05-06 10:01:42,424]  Level[DEBUG] Add result message--normal message in buffer
Time[2025-05-06 10:01:42,425]  Level[DEBUG] Finished decoding message:system id:17; activity id:3002467955
Time[2025-05-06 10:01:42,425]  Level[DEBUG] Message Info:system id:17; activity id:3002467955; activity code:8
Time[2025-05-06 10:01:42,425]  Level[DEBUG] Copy result message:17@|@20160911@|@3002467955@|@0@|@0@|@0@|@8@|@17~|~AGP01~|~11-Sep-2016~|~0~|~0~|~225~|~8~|~11-Sep-2016 11:26:01~|~1434770~|~948233~|~6553606~|~100~|~0~|~882~|~24~|~0~|~1~|~3~|~0~|~0~|~0~|~0~|~0~|~0~|~0~|~0~|~0~|~0~|~0000000~|~2611~|~16458~|~0~|~2~|~233~|~24~|~0~|~0~|~6~|~3000069710~|~0~|~6~|~17~|~2~|~0~|~2000-01-01~|~17~|~0~|~0~|~0~|~0~|~0~|~995~|~7~|~08-Sep-2016 12:43:05~|~15~|~CV~|~0~|~6708350~|~0~|~0~|~0~|~0~|~0~|~882~|~11-Sep-2016 11:26:01~|~19~|~0~|~0~|~0~|~0~|~1~|~0~|~0~|~0~|~0~|~0~|~0~|~0~|~0~|~0~|~0~|~0~|~0~|~0~|~0~|~0~|~0~|~0~|~0~|~0
Time[2025-05-06 10:01:42,425]  Level[DEBUG] Total simple selections:0
Time[2025-05-06 10:01:42,435]  Level[INFO] Total result messages:1(including 0 simple selections)
Time[2025-05-06 10:04:49,389]  Level[INFO] total messages to be decoded:1
Time[2025-05-06 10:04:49,390]  Level[DEBUG] Payload header:17@|@20160911@|@3002467955@|@0@|@0@|@
Time[2025-05-06 10:04:49,390]  Level[DEBUG] system id:17; activity id:3002467955
Time[2025-05-06 15:51:42,358]  Level[DEBUG] Start decoding message:system id:17; activity id:3002467955
Time[2025-05-06 15:51:53,493]  Level[DEBUG] Add result message--normal message in buffer
Time[2025-05-06 15:51:53,493]  Level[DEBUG] Finished decoding message:system id:17; activity id:3002467955
Time[2025-05-06 15:51:53,493]  Level[DEBUG] Message Info:system id:17; activity id:3002467955; activity code:8
Time[2025-05-06 15:51:53,493]  Level[DEBUG] Copy result message:17@|@20160911@|@3002467955@|@0@|@0@|@0@|@8@|@17~|~AGP01~|~11-Sep-2016~|~0~|~0~|~225~|~8~|~11-Sep-2016 11:26:01~|~1434770~|~948233~|~6553606~|~100~|~0~|~882~|~24~|~0~|~1~|~3~|~0~|~0~|~0~|~0~|~0~|~0~|~0~|~0~|~0~|~0~|~0000000~|~2611~|~16458~|~0~|~2~|~233~|~24~|~0~|~0~|~6~|~3000069710~|~0~|~6~|~17~|~2~|~0~|~2000-01-01~|~17~|~0~|~0~|~0~|~0~|~0~|~995~|~7~|~08-Sep-2016 12:43:05~|~15~|~CV~|~0~|~6708350~|~0~|~0~|~0~|~0~|~0~|~882~|~11-Sep-2016 11:26:01~|~19~|~0~|~0~|~0~|~0~|~1~|~0~|~0~|~0~|~0~|~0~|~0~|~0~|~0~|~0~|~0~|~0~|~0~|~0~|~0~|~0~|~0~|~0~|~0~|~0
Time[2025-05-06 15:51:53,494]  Level[DEBUG] Total simple selections:0
Time[2025-05-06 15:51:53,501]  Level[INFO] Total result messages:1(including 0 simple selections)
Time[2025-05-06 16:59:06,076]  Level[INFO] total messages to be decoded:1
Time[2025-05-06 16:59:06,661]  Level[DEBUG] Payload header:17@|@20160911@|@3002467955@|@0@|@0@|@
Time[2025-05-06 16:59:06,661]  Level[DEBUG] system id:17; activity id:3002467955
Time[2025-05-06 16:59:20,505]  Level[DEBUG] Start decoding message:system id:17; activity id:3002467955
