Time[2024-10-21 10:28:44,215]  Level[INFO] total messages to be decoded:1
Time[2024-10-21 10:28:44,286]  Level[DEBUG] Payload header:18@|@20241009@|@1580454901@|@0@|@0@|@
Time[2024-10-21 10:28:44,323]  Level[DEBUG] system id:18; activity id:1580454901
Time[2024-10-21 10:28:44,405]  Level[DEBUG] Start decoding message:system id:18; activity id:1580454901
Time[2024-10-21 10:29:54,687]  Level[DEBUG] Start decoding message:system id:18; activity id:1580454901
Time[2024-10-21 10:31:20,106]  Level[DEBUG] Add result message--normal message in buffer
Time[2024-10-21 10:31:20,142]  Level[DEBUG] Finished decoding message:system id:18; activity id:1580454901
Time[2024-10-21 10:31:20,193]  Level[DEBUG] Message Info:system id:18; activity id:1580454901; activity code:201
Time[2024-10-21 10:31:20,204]  Level[DEBUG] Copy result message:18@|@20241009@|@1580454901@|@0@|@0@|@0@|@201@|@18~|~AGP02~|~09-Oct-2024~|~0~|~0~|~1483~|~201~|~09-Oct-2024 21:42:54~|~1601917318~|~542288~|~4~|~0~|~0~|~805~|~27~|~0~|~0~|~3~|~0~|~0~|~0~|~0~|~0~|~0~|~0~|~0~|~0~|~0~|~0000000~|~30E8~|~22877~|~0~|~141~|~180~|~27~|~0~|~0~|~6~|~95578130~|~0~|~6~|~18~|~2~|~0~|~2000-01-01~|~18~|~0~|~0~|~0~|~0~|~0~|~0~|~0~|~01-Jan-1970 08:00:00~|~15~|~CV~|~0~|~0~|~0~|~0~|~0~|~0~|~0~|~0~|~01-Jan-1970 08:00:00~|~0~|~0~|~0~|~0~|~1~|~0~|~0~|~0~|~0~|~0~|~0~|~0~|~0~|~0~|~0~|~0~|~0~|~0~|~0~|~0~|~0~|~0~|~0~|~0~|~0
Time[2024-10-21 10:31:20,206]  Level[DEBUG] Total simple selections:0
Time[2024-10-21 10:31:20,228]  Level[INFO] Total result messages:1(including 0 simple selections)
Time[2024-10-21 10:32:23,350]  Level[INFO] total messages to be decoded:1
Time[2024-10-21 10:32:23,413]  Level[DEBUG] Payload header:18@|@20241009@|@1580454901@|@0@|@0@|@
Time[2024-10-21 10:32:23,425]  Level[DEBUG] system id:18; activity id:1580454901
Time[2024-10-21 10:32:25,360]  Level[DEBUG] Start decoding message:system id:18; activity id:1580454901
Time[2024-10-21 11:21:30,086]  Level[INFO] total messages to be decoded:1
Time[2024-10-21 11:21:30,103]  Level[DEBUG] Payload header:18@|@20241009@|@1580454537@|@0@|@0@|@
Time[2024-10-21 11:21:30,135]  Level[DEBUG] system id:18; activity id:1580454537
Time[2024-10-21 11:22:14,329]  Level[DEBUG] Start decoding message:system id:18; activity id:1580454537
Time[2024-10-21 11:22:18,282]  Level[DEBUG] Add result message--normal message in buffer
Time[2024-10-21 11:22:18,292]  Level[DEBUG] Finished decoding message:system id:18; activity id:1580454537
Time[2024-10-21 11:22:18,298]  Level[DEBUG] Message Info:system id:18; activity id:1580454537; activity code:11
Time[2024-10-21 11:22:18,338]  Level[DEBUG] Copy result message:18@|@20241009@|@1580454537@|@0@|@0@|@0@|@11@|@18~|~AGP02~|~09-Oct-2024~|~0~|~353203488~|~237~|~11~|~09-Oct-2024 21:41:17~|~0~|~542288~|~110~|~0~|~0~|~805~|~26~|~0~|~1~|~3~|~0~|~0~|~0~|~0~|~0~|~0~|~0~|~0~|~0~|~0~|~0000000~|~30E9~|~22655~|~0~|~131~|~179~|~26~|~0~|~6~|~95578130~|~0~|~6~|~18~|~2~|~0~|~0~|~0~|~20150~|~09-Oct-2024 21:41:17~|~0~|~0~|~0~|~0~|~0
Time[2024-10-21 11:22:18,339]  Level[DEBUG] Total simple selections:0
Time[2024-10-21 11:22:18,382]  Level[INFO] Total result messages:1(including 0 simple selections)
Time[2024-10-21 11:23:40,370]  Level[INFO] total messages to be decoded:1
Time[2024-10-21 11:23:40,371]  Level[DEBUG] Payload header:18@|@20241009@|@1580454537@|@0@|@0@|@
Time[2024-10-21 11:23:40,371]  Level[DEBUG] system id:18; activity id:1580454537
Time[2024-10-21 11:24:29,744]  Level[INFO] total messages to be decoded:1
Time[2024-10-21 11:24:29,747]  Level[DEBUG] Payload header:17@|@20241009@|@1601917462@|@0@|@0@|@
Time[2024-10-21 11:24:29,757]  Level[DEBUG] system id:17; activity id:1601917462
Time[2024-10-21 11:25:15,118]  Level[DEBUG] Start decoding message:system id:17; activity id:1601917462
Time[2024-10-21 11:25:19,147]  Level[DEBUG] Add result message--normal message in buffer
Time[2024-10-21 11:25:19,148]  Level[DEBUG] Finished decoding message:system id:17; activity id:1601917462
Time[2024-10-21 11:25:19,210]  Level[DEBUG] Message Info:system id:17; activity id:1601917462; activity code:8
Time[2024-10-21 11:25:19,245]  Level[DEBUG] Copy result message:17@|@20241009@|@1601917462@|@0@|@0@|@0@|@50001@|@17~|~AGP01~|~09-Oct-2024~|~0~|~201~|~0~|~225~|~8~|~09-Oct-2024 21:42:55~|~0~|~542288~|~159~|~0~|~0~|~805~|~27~|~0~|~0~|~3~|~0~|~0~|~0~|~0~|~1~|~1~|~0~|~0~|~0~|~0~|~0000000~|~30E8~|~22877~|~0~|~141~|~180~|~27~|~0~|~0~|~~|~6~|~95578130~|~6~|~18~|~99~|~0
Time[2024-10-21 11:25:19,252]  Level[DEBUG] Total simple selections:0
Time[2024-10-21 11:25:19,270]  Level[INFO] Total result messages:1(including 0 simple selections)
Time[2024-10-21 11:28:33,719]  Level[INFO] total messages to be decoded:1
Time[2024-10-21 11:28:33,738]  Level[DEBUG] Payload header:18@|@20241009@|@1580455139@|@0@|@0@|@
Time[2024-10-21 11:28:33,752]  Level[DEBUG] system id:18; activity id:1580455139
Time[2024-10-21 11:29:40,350]  Level[DEBUG] Start decoding message:system id:18; activity id:1580455139
Time[2024-10-21 11:29:44,678]  Level[DEBUG] Add result message--normal message in buffer
Time[2024-10-21 11:29:44,679]  Level[DEBUG] Finished decoding message:system id:18; activity id:1580455139
Time[2024-10-21 11:29:44,725]  Level[DEBUG] Message Info:system id:18; activity id:1580455139; activity code:8
Time[2024-10-21 11:29:44,740]  Level[DEBUG] Copy result message:18@|@20241009@|@1580455139@|@0@|@0@|@0@|@8@|@18~|~AGP02~|~09-Oct-2024~|~0~|~353203654~|~139~|~8~|~09-Oct-2024 21:43:48~|~0~|~542288~|~111~|~0~|~0~|~805~|~24~|~0~|~0~|~3~|~0~|~0~|~0~|~0~|~0~|~0~|~0~|~0~|~0~|~0~|~0000000~|~30E7~|~21569~|~0~|~130~|~179~|~24~|~0~|~0~|~6~|~95578130~|~0~|~6~|~18~|~2~|~0~|~2000-01-01~|~18~|~0~|~0~|~0~|~0~|~0~|~805~|~26~|~09-Oct-2024 21:41:17~|~15~|~CV~|~0~|~20150~|~0~|~0~|~0~|~0~|~0~|~805~|~09-Oct-2024 21:43:48~|~0~|~0~|~0~|~0~|~0~|~1~|~0~|~0~|~0~|~0~|~0~|~0~|~0~|~0~|~0~|~0~|~0~|~0~|~0~|~0~|~0~|~0~|~0~|~0~|~0
Time[2024-10-21 11:29:44,774]  Level[DEBUG] Total simple selections:0
Time[2024-10-21 11:29:44,806]  Level[INFO] Total result messages:1(including 0 simple selections)
Time[2024-10-21 13:43:57,145]  Level[INFO] total messages to be decoded:1
Time[2024-10-21 13:43:57,206]  Level[DEBUG] Payload header:18@|@20241009@|@1580454901@|@0@|@0@|@
Time[2024-10-21 13:43:57,208]  Level[DEBUG] system id:18; activity id:1580454901
Time[2024-10-21 13:44:03,585]  Level[DEBUG] Start decoding message:system id:18; activity id:1580454901
Time[2024-10-21 13:54:07,356]  Level[INFO] total messages to be decoded:1
Time[2024-10-21 13:54:07,364]  Level[DEBUG] Payload header:18@|@20241009@|@1580454754@|@0@|@0@|@
Time[2024-10-21 13:54:07,406]  Level[DEBUG] system id:18; activity id:1580454754
Time[2024-10-21 13:55:38,792]  Level[INFO] total messages to be decoded:1
Time[2024-10-21 13:55:38,813]  Level[DEBUG] Payload header:18@|@20241009@|@1580454901@|@0@|@0@|@
Time[2024-10-21 13:55:38,814]  Level[DEBUG] system id:18; activity id:1580454901
Time[2024-10-21 13:55:42,594]  Level[DEBUG] Start decoding message:system id:18; activity id:1580454901
Time[2024-10-21 13:57:16,948]  Level[INFO] total messages to be decoded:1
Time[2024-10-21 13:57:16,987]  Level[DEBUG] Payload header:18@|@20241009@|@1580455139@|@0@|@0@|@
Time[2024-10-21 13:57:17,047]  Level[DEBUG] system id:18; activity id:1580455139
Time[2024-10-21 13:57:21,522]  Level[DEBUG] Start decoding message:system id:18; activity id:1580455139
Time[2024-10-21 14:02:49,045]  Level[INFO] total messages to be decoded:1
Time[2024-10-21 14:02:49,069]  Level[DEBUG] Payload header:18@|@20241009@|@1580454901@|@0@|@0@|@
Time[2024-10-21 14:02:49,070]  Level[DEBUG] system id:18; activity id:1580454901
Time[2024-10-21 14:03:32,994]  Level[DEBUG] Start decoding message:system id:18; activity id:1580454901
Time[2024-10-21 14:04:44,326]  Level[INFO] total messages to be decoded:1
Time[2024-10-21 14:04:44,383]  Level[DEBUG] Payload header:18@|@20241009@|@1580454901@|@0@|@0@|@
Time[2024-10-21 14:04:44,411]  Level[DEBUG] system id:18; activity id:1580454901
Time[2024-10-21 14:04:45,575]  Level[DEBUG] Start decoding message:system id:18; activity id:1580454901
Time[2024-10-21 14:04:57,916]  Level[INFO] total messages to be decoded:1
Time[2024-10-21 14:04:57,917]  Level[DEBUG] Payload header:18@|@20241009@|@1580454901@|@0@|@0@|@
Time[2024-10-21 14:04:57,998]  Level[DEBUG] system id:18; activity id:1580454901
Time[2024-10-21 14:07:37,313]  Level[INFO] total messages to be decoded:1
Time[2024-10-21 14:07:37,324]  Level[DEBUG] Payload header:18@|@20241009@|@1580455139@|@0@|@0@|@
Time[2024-10-21 14:07:37,340]  Level[DEBUG] system id:18; activity id:1580455139
Time[2024-10-21 14:28:44,629]  Level[INFO] total messages to be decoded:1
Time[2024-10-21 14:28:44,631]  Level[DEBUG] Payload header:18@|@20241009@|@1580454754@|@0@|@0@|@
Time[2024-10-21 14:28:44,719]  Level[DEBUG] system id:18; activity id:1580454754
Time[2024-10-21 14:37:12,025]  Level[INFO] total messages to be decoded:1
Time[2024-10-21 14:37:12,067]  Level[DEBUG] Payload header:18@|@20241009@|@1580454754@|@0@|@0@|@
Time[2024-10-21 14:37:12,093]  Level[DEBUG] system id:18; activity id:1580454754
Time[2024-10-21 14:37:24,804]  Level[DEBUG] Start decoding message:system id:18; activity id:1580454754
Time[2024-10-21 14:37:28,095]  Level[DEBUG] Add result message--normal message in buffer
Time[2024-10-21 14:37:28,096]  Level[DEBUG] Finished decoding message:system id:18; activity id:1580454754
Time[2024-10-21 14:37:28,098]  Level[DEBUG] Message Info:system id:18; activity id:1580454754; activity code:8
Time[2024-10-21 14:37:28,151]  Level[DEBUG] Copy result message:18@|@20241009@|@1580454754@|@0@|@0@|@0@|@50001@|@18~|~AGP02~|~09-Oct-2024~|~0~|~99~|~0~|~225~|~8~|~09-Oct-2024 21:42:22~|~1601917318~|~542288~|~4~|~0~|~0~|~805~|~27~|~0~|~0~|~3~|~0~|~0~|~0~|~0~|~0~|~0~|~0~|~0~|~0~|~0~|~0000000~|~30E8~|~22877~|~0~|~141~|~180~|~27~|~0~|~0~|~~|~6~|~95578130~|~6~|~18~|~99~|~0
Time[2024-10-21 14:37:28,180]  Level[DEBUG] Total simple selections:0
Time[2024-10-21 14:37:28,203]  Level[INFO] Total result messages:1(including 0 simple selections)
Time[2024-10-21 14:37:56,809]  Level[INFO] total messages to be decoded:1
Time[2024-10-21 14:37:56,844]  Level[DEBUG] Payload header:18@|@20241009@|@1580454754@|@0@|@0@|@
Time[2024-10-21 14:37:56,850]  Level[DEBUG] system id:18; activity id:1580454754
Time[2024-10-21 14:38:01,847]  Level[DEBUG] Start decoding message:system id:18; activity id:1580454754
Time[2024-10-21 14:39:27,512]  Level[DEBUG] Add result message--normal message in buffer
Time[2024-10-21 14:39:27,512]  Level[DEBUG] Finished decoding message:system id:18; activity id:1580454754
Time[2024-10-21 14:39:27,560]  Level[DEBUG] Message Info:system id:18; activity id:1580454754; activity code:8
Time[2024-10-21 14:39:27,589]  Level[DEBUG] Copy result message:18@|@20241009@|@1580454754@|@0@|@0@|@0@|@50001@|@18~|~AGP02~|~09-Oct-2024~|~0~|~99~|~0~|~225~|~8~|~09-Oct-2024 21:42:22~|~1601917318~|~542288~|~4~|~0~|~0~|~805~|~27~|~0~|~0~|~3~|~0~|~0~|~0~|~0~|~0~|~0~|~0~|~0~|~0~|~0~|~0000000~|~30E8~|~22877~|~0~|~141~|~180~|~27~|~0~|~0~|~~|~6~|~95578130~|~6~|~18~|~99~|~0~|~0~|~50001~|~18~|~AGP02~|~09-Oct-2024~|~0~|~99~|~0~|~225~|~8~|~09-Oct-2024 21:42:22~|~1601917318~|~542288~|~4~|~0~|~0~|~805~|~27~|~0~|~0~|~3~|~0~|~0~|~0~|~0~|~0~|~0~|~0~|~0~|~0~|~0~|~0000000~|~30E8~|~22877~|~0~|~141~|~180~|~27~|~0~|~0~|~~|~6~|~95578130~|~6~|~18~|~99~|~0
Time[2024-10-21 14:39:27,619]  Level[DEBUG] Total simple selections:0
Time[2024-10-21 14:39:27,662]  Level[INFO] Total result messages:1(including 0 simple selections)
Time[2024-10-21 16:46:43,095]  Level[INFO] total messages to be decoded:1
Time[2024-10-21 16:46:43,121]  Level[DEBUG] Payload header:18@|@20241009@|@1580454754@|@0@|@0@|@
Time[2024-10-21 16:46:43,127]  Level[DEBUG] system id:18; activity id:1580454754
Time[2024-10-21 16:46:43,143]  Level[DEBUG] Start decoding message:system id:18; activity id:1580454754
Time[2024-10-21 16:46:47,050]  Level[DEBUG] Add result message--normal message in buffer
Time[2024-10-21 16:46:47,053]  Level[DEBUG] Finished decoding message:system id:18; activity id:1580454754
Time[2024-10-21 16:46:47,132]  Level[DEBUG] Message Info:system id:18; activity id:1580454754; activity code:8
Time[2024-10-21 16:46:47,208]  Level[DEBUG] Copy result message:18@|@20241009@|@1580454754@|@0@|@0@|@0@|@50001@|@18~|~AGP02~|~09-Oct-2024~|~0~|~99~|~0~|~225~|~8~|~09-Oct-2024 21:42:22~|~1601917318~|~542288~|~4~|~0~|~0~|~805~|~27~|~0~|~0~|~3~|~0~|~0~|~0~|~0~|~0~|~0~|~0~|~0~|~0~|~0~|~0000000~|~30E8~|~22877~|~0~|~141~|~180~|~27~|~0~|~0~|~~|~6~|~95578130~|~6~|~18~|~99~|~0
Time[2024-10-21 16:46:47,213]  Level[DEBUG] Total simple selections:0
Time[2024-10-21 16:46:47,250]  Level[INFO] Total result messages:1(including 0 simple selections)
Time[2024-10-21 16:52:03,404]  Level[INFO] total messages to be decoded:1
Time[2024-10-21 16:52:03,408]  Level[DEBUG] Payload header:18@|@20241009@|@1580454754@|@0@|@0@|@
Time[2024-10-21 16:52:03,408]  Level[DEBUG] system id:18; activity id:1580454754
Time[2024-10-21 16:52:03,409]  Level[DEBUG] Start decoding message:system id:18; activity id:1580454754
Time[2024-10-21 17:06:59,346]  Level[INFO] total messages to be decoded:1
Time[2024-10-21 17:06:59,348]  Level[DEBUG] Payload header:18@|@20241009@|@1580454754@|@0@|@0@|@
Time[2024-10-21 17:06:59,407]  Level[DEBUG] system id:18; activity id:1580454754
Time[2024-10-21 17:06:59,420]  Level[DEBUG] Start decoding message:system id:18; activity id:1580454754
Time[2024-10-21 17:07:09,120]  Level[DEBUG] Add result message--normal message in buffer
Time[2024-10-21 17:07:09,121]  Level[DEBUG] Finished decoding message:system id:18; activity id:1580454754
Time[2024-10-21 17:07:09,156]  Level[DEBUG] Message Info:system id:18; activity id:1580454754; activity code:8
Time[2024-10-21 17:07:09,157]  Level[DEBUG] Copy result message:18@|@20241009@|@1580454754@|@0@|@0@|@0@|@50001@|@18~|~AGP02~|~09-Oct-2024~|~0~|~99~|~0~|~225~|~8~|~09-Oct-2024 21:42:22~|~1601917318~|~542288~|~4~|~0~|~0~|~805~|~27~|~0~|~0~|~3~|~0~|~0~|~0~|~0~|~0~|~0~|~0~|~0~|~0~|~0~|~0000000~|~30E8~|~22877~|~0~|~141~|~180~|~27~|~0~|~0~|~~|~6~|~95578130~|~6~|~18~|~99~|~0
Time[2024-10-21 17:07:09,159]  Level[DEBUG] Total simple selections:0
Time[2024-10-21 17:07:09,193]  Level[INFO] Total result messages:1(including 0 simple selections)
