Time[2025-05-08 16:12:14,366]  Level[INFO] total messages to be decoded:1
Time[2025-05-08 16:12:18,151]  Level[DEBUG] Payload header:17@|@20160911@|@3002467955@|@0@|@0@|@
Time[2025-05-08 16:12:18,151]  Level[DEBUG] system id:17; activity id:3002467955
Time[2025-05-08 16:15:47,363]  Level[DEBUG] Start decoding message:system id:17; activity id:3002467955
Time[2025-05-08 16:15:50,115]  Level[DEBUG] Add result message--normal message in buffer
Time[2025-05-08 16:15:50,115]  Level[DEBUG] Finished decoding message:system id:17; activity id:3002467955
Time[2025-05-08 16:15:50,115]  Level[DEBUG] Message Info:system id:17; activity id:3002467955; activity code:8
Time[2025-05-08 16:15:50,115]  Level[DEBUG] Copy result message:17@|@20160911@|@3002467955@|@0@|@0@|@0@|@8@|@17~|~AGP01~|~11-Sep-2016~|~0~|~0~|~225~|~8~|~11-Sep-2016 11:26:01~|~1434770~|~948233~|~6553606~|~100~|~0~|~882~|~24~|~0~|~1~|~3~|~0~|~0~|~0~|~0~|~0~|~0~|~0~|~0~|~0~|~0~|~0000000~|~2611~|~16458~|~0~|~2~|~233~|~24~|~0~|~0~|~6~|~3000069710~|~0~|~6~|~17~|~2~|~0~|~2000-01-01~|~17~|~0~|~0~|~0~|~0~|~0~|~995~|~7~|~08-Sep-2016 12:43:05~|~15~|~CV~|~0~|~6708350~|~0~|~0~|~0~|~0~|~0~|~882~|~11-Sep-2016 11:26:01~|~19~|~0~|~0~|~0~|~0~|~1~|~0~|~0~|~0~|~0~|~0~|~0~|~0~|~0~|~0~|~0~|~0~|~0~|~0~|~0~|~0~|~0~|~0~|~0~|~0
Time[2025-05-08 16:15:50,116]  Level[DEBUG] Total simple selections:0
Time[2025-05-08 16:15:50,123]  Level[INFO] Total result messages:1(including 0 simple selections)
Time[2025-05-08 16:16:24,291]  Level[INFO] total messages to be decoded:1
Time[2025-05-08 16:16:27,542]  Level[DEBUG] Payload header:17@|@20160911@|@3002467955@|@0@|@0@|@
Time[2025-05-08 16:16:27,542]  Level[DEBUG] system id:17; activity id:3002467955
Time[2025-05-08 16:16:40,698]  Level[DEBUG] Start decoding message:system id:17; activity id:3002467955
Time[2025-05-08 16:16:43,481]  Level[DEBUG] Add result message--normal message in buffer
Time[2025-05-08 16:16:43,481]  Level[DEBUG] Finished decoding message:system id:17; activity id:3002467955
Time[2025-05-08 16:16:43,481]  Level[DEBUG] Message Info:system id:17; activity id:3002467955; activity code:8
Time[2025-05-08 16:16:43,481]  Level[DEBUG] Copy result message:17@|@20160911@|@3002467955@|@0@|@0@|@0@|@8@|@17~|~AGP01~|~11-Sep-2016~|~0~|~0~|~225~|~8~|~11-Sep-2016 11:26:01~|~1434770~|~948233~|~6553606~|~100~|~0~|~882~|~24~|~0~|~1~|~3~|~0~|~0~|~0~|~0~|~0~|~0~|~0~|~0~|~0~|~0~|~0000000~|~2611~|~16458~|~0~|~2~|~233~|~24~|~0~|~0~|~6~|~3000069710~|~0~|~6~|~17~|~2~|~0~|~2000-01-01~|~17~|~0~|~0~|~0~|~0~|~0~|~995~|~7~|~08-Sep-2016 12:43:05~|~15~|~CV~|~0~|~6708350~|~0~|~0~|~0~|~0~|~0~|~882~|~11-Sep-2016 11:26:01~|~19~|~0~|~0~|~0~|~0~|~1~|~0~|~0~|~0~|~0~|~0~|~0~|~0~|~0~|~0~|~0~|~0~|~0~|~0~|~0~|~0~|~0~|~0~|~0~|~0
Time[2025-05-08 16:16:43,481]  Level[DEBUG] Total simple selections:0
Time[2025-05-08 16:16:43,487]  Level[INFO] Total result messages:1(including 0 simple selections)
Time[2025-05-08 16:17:50,609]  Level[INFO] total messages to be decoded:1
Time[2025-05-08 16:17:50,815]  Level[DEBUG] Payload header:17@|@20160911@|@3002467955@|@0@|@0@|@
Time[2025-05-08 16:17:50,815]  Level[DEBUG] system id:17; activity id:3002467955
Time[2025-05-08 16:17:55,675]  Level[DEBUG] Start decoding message:system id:17; activity id:3002467955
Time[2025-05-08 16:17:58,316]  Level[DEBUG] Add result message--normal message in buffer
Time[2025-05-08 16:17:58,316]  Level[DEBUG] Finished decoding message:system id:17; activity id:3002467955
Time[2025-05-08 16:17:58,316]  Level[DEBUG] Message Info:system id:17; activity id:3002467955; activity code:8
Time[2025-05-08 16:17:58,316]  Level[DEBUG] Copy result message:17@|@20160911@|@3002467955@|@0@|@0@|@0@|@8@|@17~|~AGP01~|~11-Sep-2016~|~0~|~0~|~225~|~8~|~11-Sep-2016 11:26:01~|~1434770~|~948233~|~6553606~|~100~|~0~|~882~|~24~|~0~|~1~|~3~|~0~|~0~|~0~|~0~|~0~|~0~|~0~|~0~|~0~|~0~|~0000000~|~2611~|~16458~|~0~|~2~|~233~|~24~|~0~|~0~|~6~|~3000069710~|~0~|~6~|~17~|~2~|~0~|~2000-01-01~|~17~|~0~|~0~|~0~|~0~|~0~|~995~|~7~|~08-Sep-2016 12:43:05~|~15~|~CV~|~0~|~6708350~|~0~|~0~|~0~|~0~|~0~|~882~|~11-Sep-2016 11:26:01~|~19~|~0~|~0~|~0~|~0~|~1~|~0~|~0~|~0~|~0~|~0~|~0~|~0~|~0~|~0~|~0~|~0~|~0~|~0~|~0~|~0~|~0~|~0~|~0~|~0
Time[2025-05-08 16:17:58,317]  Level[DEBUG] Total simple selections:0
Time[2025-05-08 16:17:58,322]  Level[INFO] Total result messages:1(including 0 simple selections)
Time[2025-05-08 16:18:39,408]  Level[INFO] total messages to be decoded:1
Time[2025-05-08 16:18:39,771]  Level[DEBUG] Payload header:20@|@20151004@|@3008164501@|@0@|@0@|@
Time[2025-05-08 16:18:39,771]  Level[DEBUG] system id:20; activity id:3008164501
Time[2025-05-08 16:59:37,417]  Level[DEBUG] Start decoding message:system id:20; activity id:3008164501
Time[2025-05-08 16:59:37,417]  Level[DEBUG] ESC Transaction, but not Payout/Cancel: skip it:system id:20; activity id:3008164501; activity code:6
Time[2025-05-08 16:59:37,417]  Level[DEBUG] Finished decoding message:system id:20; activity id:3008164501
Time[2025-05-08 16:59:37,417]  Level[DEBUG] Message Info:system id:20; activity id:3008164501; activity code:6
Time[2025-05-08 16:59:37,417]  Level[DEBUG] Copy result message:20@|@20151004@|@3008164501@|@0@|@0@|@5@|@6@|@
Time[2025-05-08 16:59:37,418]  Level[DEBUG] Total simple selections:0
Time[2025-05-08 16:59:37,426]  Level[INFO] Total result messages:1(including 0 simple selections)
